[0.106s] DEBUG:colcon:Command line arguments: ['/usr/bin/colcon', 'build', '--packages-up-to', 'micro_ros_agent', '--cmake-args', '-DUAGENT_BUILD_EXECUTABLE=OFF', '-DUAGENT_P2P_PROFILE=OFF', '--no-warn-unused-cli']
[0.106s] DEBUG:colcon:Parsed command line arguments: Namespace(log_base=None, log_level=None, verb_name='build', build_base='build', install_base='install', merge_install=False, symlink_install=False, test_result_base=None, continue_on_error=False, executor='parallel', parallel_workers=8, event_handlers=None, ignore_user_meta=False, metas=['./colcon.meta'], base_paths=['.'], packages_ignore=None, packages_ignore_regex=None, paths=None, packages_up_to=['micro_ros_agent'], packages_up_to_regex=None, packages_above=None, packages_above_and_dependencies=None, packages_above_depth=None, packages_select_by_dep=None, packages_skip_by_dep=None, packages_skip_up_to=None, packages_select_build_failed=False, packages_skip_build_finished=False, packages_select_test_failures=False, packages_skip_test_passed=False, packages_select=None, packages_skip=None, packages_select_regex=None, packages_skip_regex=None, packages_start=None, packages_end=None, allow_overriding=[], cmake_args=['-DUAGENT_BUILD_EXECUTABLE=OFF', '-DUAGENT_P2P_PROFILE=OFF', '--no-warn-unused-cli'], cmake_target=None, cmake_target_skip_unavailable=False, cmake_clean_cache=False, cmake_clean_first=False, cmake_force_configure=False, ament_cmake_args=None, catkin_cmake_args=None, catkin_skip_building_tests=False, verb_parser=<colcon_defaults.argument_parser.defaults.DefaultArgumentsDecorator object at 0x7e6abdcee4d0>, verb_extension=<colcon_core.verb.build.BuildVerb object at 0x7e6abdcedf00>, main=<bound method BuildVerb.main of <colcon_core.verb.build.BuildVerb object at 0x7e6abdcedf00>>)
[0.276s] Level 1:colcon.colcon_core.package_discovery:discover_packages(colcon_meta) check parameters
[0.276s] Level 1:colcon.colcon_core.package_discovery:discover_packages(recursive) check parameters
[0.276s] Level 1:colcon.colcon_core.package_discovery:discover_packages(ignore) check parameters
[0.276s] Level 1:colcon.colcon_core.package_discovery:discover_packages(path) check parameters
[0.276s] Level 1:colcon.colcon_core.package_discovery:discover_packages(colcon_meta) discover
[0.276s] Level 1:colcon.colcon_core.package_discovery:discover_packages(recursive) discover
[0.276s] INFO:colcon.colcon_core.package_discovery:Crawling recursively for packages in '/home/vyom/microros_ws'
[0.276s] Level 1:colcon.colcon_core.package_identification:_identify(.) by extensions ['ignore', 'ignore_ament_install']
[0.276s] Level 1:colcon.colcon_core.package_identification:_identify(.) by extension 'ignore'
[0.276s] Level 1:colcon.colcon_core.package_identification:_identify(.) by extension 'ignore_ament_install'
[0.276s] Level 1:colcon.colcon_core.package_identification:_identify(.) by extensions ['colcon_pkg']
[0.276s] Level 1:colcon.colcon_core.package_identification:_identify(.) by extension 'colcon_pkg'
[0.276s] Level 1:colcon.colcon_core.package_identification:_identify(.) by extensions ['colcon_meta']
[0.276s] Level 1:colcon.colcon_core.package_identification:_identify(.) by extension 'colcon_meta'
[0.276s] Level 1:colcon.colcon_core.package_identification:_identify(.) by extensions ['ros']
[0.276s] Level 1:colcon.colcon_core.package_identification:_identify(.) by extension 'ros'
[0.286s] Level 1:colcon.colcon_core.package_identification:_identify(.) by extensions ['cmake', 'python']
[0.286s] Level 1:colcon.colcon_core.package_identification:_identify(.) by extension 'cmake'
[0.286s] Level 1:colcon.colcon_core.package_identification:_identify(.) by extension 'python'
[0.286s] Level 1:colcon.colcon_core.package_identification:_identify(.) by extensions ['python_setup_py']
[0.286s] Level 1:colcon.colcon_core.package_identification:_identify(.) by extension 'python_setup_py'
[0.286s] Level 1:colcon.colcon_core.package_identification:_identify(build) by extensions ['ignore', 'ignore_ament_install']
[0.287s] Level 1:colcon.colcon_core.package_identification:_identify(build) by extension 'ignore'
[0.287s] Level 1:colcon.colcon_core.package_identification:_identify(build) ignored
[0.287s] Level 1:colcon.colcon_core.package_identification:_identify(install) by extensions ['ignore', 'ignore_ament_install']
[0.287s] Level 1:colcon.colcon_core.package_identification:_identify(install) by extension 'ignore'
[0.287s] Level 1:colcon.colcon_core.package_identification:_identify(install) ignored
[0.287s] Level 1:colcon.colcon_core.package_identification:_identify(log) by extensions ['ignore', 'ignore_ament_install']
[0.287s] Level 1:colcon.colcon_core.package_identification:_identify(log) by extension 'ignore'
[0.287s] Level 1:colcon.colcon_core.package_identification:_identify(log) ignored
[0.287s] Level 1:colcon.colcon_core.package_identification:_identify(src) by extensions ['ignore', 'ignore_ament_install']
[0.287s] Level 1:colcon.colcon_core.package_identification:_identify(src) by extension 'ignore'
[0.287s] Level 1:colcon.colcon_core.package_identification:_identify(src) by extension 'ignore_ament_install'
[0.287s] Level 1:colcon.colcon_core.package_identification:_identify(src) by extensions ['colcon_pkg']
[0.287s] Level 1:colcon.colcon_core.package_identification:_identify(src) by extension 'colcon_pkg'
[0.287s] Level 1:colcon.colcon_core.package_identification:_identify(src) by extensions ['colcon_meta']
[0.287s] Level 1:colcon.colcon_core.package_identification:_identify(src) by extension 'colcon_meta'
[0.287s] Level 1:colcon.colcon_core.package_identification:_identify(src) by extensions ['ros']
[0.287s] Level 1:colcon.colcon_core.package_identification:_identify(src) by extension 'ros'
[0.288s] Level 1:colcon.colcon_core.package_identification:_identify(src) by extensions ['cmake', 'python']
[0.288s] Level 1:colcon.colcon_core.package_identification:_identify(src) by extension 'cmake'
[0.288s] Level 1:colcon.colcon_core.package_identification:_identify(src) by extension 'python'
[0.288s] Level 1:colcon.colcon_core.package_identification:_identify(src) by extensions ['python_setup_py']
[0.288s] Level 1:colcon.colcon_core.package_identification:_identify(src) by extension 'python_setup_py'
[0.288s] Level 1:colcon.colcon_core.package_identification:_identify(src/micro_ros_setup) by extensions ['ignore', 'ignore_ament_install']
[0.288s] Level 1:colcon.colcon_core.package_identification:_identify(src/micro_ros_setup) by extension 'ignore'
[0.288s] Level 1:colcon.colcon_core.package_identification:_identify(src/micro_ros_setup) by extension 'ignore_ament_install'
[0.288s] Level 1:colcon.colcon_core.package_identification:_identify(src/micro_ros_setup) by extensions ['colcon_pkg']
[0.288s] Level 1:colcon.colcon_core.package_identification:_identify(src/micro_ros_setup) by extension 'colcon_pkg'
[0.288s] Level 1:colcon.colcon_core.package_identification:_identify(src/micro_ros_setup) by extensions ['colcon_meta']
[0.288s] Level 1:colcon.colcon_core.package_identification:_identify(src/micro_ros_setup) by extension 'colcon_meta'
[0.288s] Level 1:colcon.colcon_core.package_identification:_identify(src/micro_ros_setup) by extensions ['ros']
[0.288s] Level 1:colcon.colcon_core.package_identification:_identify(src/micro_ros_setup) by extension 'ros'
[0.290s] DEBUG:colcon.colcon_core.package_identification:Package 'src/micro_ros_setup' with type 'ros.ament_cmake' and name 'micro_ros_setup'
[0.290s] Level 1:colcon.colcon_core.package_identification:_identify(src/uros) by extensions ['ignore', 'ignore_ament_install']
[0.291s] Level 1:colcon.colcon_core.package_identification:_identify(src/uros) by extension 'ignore'
[0.291s] Level 1:colcon.colcon_core.package_identification:_identify(src/uros) by extension 'ignore_ament_install'
[0.291s] Level 1:colcon.colcon_core.package_identification:_identify(src/uros) by extensions ['colcon_pkg']
[0.291s] Level 1:colcon.colcon_core.package_identification:_identify(src/uros) by extension 'colcon_pkg'
[0.291s] Level 1:colcon.colcon_core.package_identification:_identify(src/uros) by extensions ['colcon_meta']
[0.291s] Level 1:colcon.colcon_core.package_identification:_identify(src/uros) by extension 'colcon_meta'
[0.291s] Level 1:colcon.colcon_core.package_identification:_identify(src/uros) by extensions ['ros']
[0.291s] Level 1:colcon.colcon_core.package_identification:_identify(src/uros) by extension 'ros'
[0.291s] Level 1:colcon.colcon_core.package_identification:_identify(src/uros) by extensions ['cmake', 'python']
[0.291s] Level 1:colcon.colcon_core.package_identification:_identify(src/uros) by extension 'cmake'
[0.291s] Level 1:colcon.colcon_core.package_identification:_identify(src/uros) by extension 'python'
[0.291s] Level 1:colcon.colcon_core.package_identification:_identify(src/uros) by extensions ['python_setup_py']
[0.291s] Level 1:colcon.colcon_core.package_identification:_identify(src/uros) by extension 'python_setup_py'
[0.291s] Level 1:colcon.colcon_core.package_identification:_identify(src/uros/micro-ROS-Agent) by extensions ['ignore', 'ignore_ament_install']
[0.291s] Level 1:colcon.colcon_core.package_identification:_identify(src/uros/micro-ROS-Agent) by extension 'ignore'
[0.291s] Level 1:colcon.colcon_core.package_identification:_identify(src/uros/micro-ROS-Agent) by extension 'ignore_ament_install'
[0.291s] Level 1:colcon.colcon_core.package_identification:_identify(src/uros/micro-ROS-Agent) by extensions ['colcon_pkg']
[0.291s] Level 1:colcon.colcon_core.package_identification:_identify(src/uros/micro-ROS-Agent) by extension 'colcon_pkg'
[0.292s] Level 1:colcon.colcon_core.package_identification:_identify(src/uros/micro-ROS-Agent) by extensions ['colcon_meta']
[0.292s] Level 1:colcon.colcon_core.package_identification:_identify(src/uros/micro-ROS-Agent) by extension 'colcon_meta'
[0.292s] Level 1:colcon.colcon_core.package_identification:_identify(src/uros/micro-ROS-Agent) by extensions ['ros']
[0.292s] Level 1:colcon.colcon_core.package_identification:_identify(src/uros/micro-ROS-Agent) by extension 'ros'
[0.292s] Level 1:colcon.colcon_core.package_identification:_identify(src/uros/micro-ROS-Agent) by extensions ['cmake', 'python']
[0.292s] Level 1:colcon.colcon_core.package_identification:_identify(src/uros/micro-ROS-Agent) by extension 'cmake'
[0.292s] Level 1:colcon.colcon_core.package_identification:_identify(src/uros/micro-ROS-Agent) by extension 'python'
[0.292s] Level 1:colcon.colcon_core.package_identification:_identify(src/uros/micro-ROS-Agent) by extensions ['python_setup_py']
[0.292s] Level 1:colcon.colcon_core.package_identification:_identify(src/uros/micro-ROS-Agent) by extension 'python_setup_py'
[0.292s] Level 1:colcon.colcon_core.package_identification:_identify(src/uros/micro-ROS-Agent/micro_ros_agent) by extensions ['ignore', 'ignore_ament_install']
[0.292s] Level 1:colcon.colcon_core.package_identification:_identify(src/uros/micro-ROS-Agent/micro_ros_agent) by extension 'ignore'
[0.292s] Level 1:colcon.colcon_core.package_identification:_identify(src/uros/micro-ROS-Agent/micro_ros_agent) by extension 'ignore_ament_install'
[0.292s] Level 1:colcon.colcon_core.package_identification:_identify(src/uros/micro-ROS-Agent/micro_ros_agent) by extensions ['colcon_pkg']
[0.292s] Level 1:colcon.colcon_core.package_identification:_identify(src/uros/micro-ROS-Agent/micro_ros_agent) by extension 'colcon_pkg'
[0.292s] Level 1:colcon.colcon_core.package_identification:_identify(src/uros/micro-ROS-Agent/micro_ros_agent) by extensions ['colcon_meta']
[0.292s] Level 1:colcon.colcon_core.package_identification:_identify(src/uros/micro-ROS-Agent/micro_ros_agent) by extension 'colcon_meta'
[0.292s] Level 1:colcon.colcon_core.package_identification:_identify(src/uros/micro-ROS-Agent/micro_ros_agent) by extensions ['ros']
[0.292s] Level 1:colcon.colcon_core.package_identification:_identify(src/uros/micro-ROS-Agent/micro_ros_agent) by extension 'ros'
[0.294s] DEBUG:colcon.colcon_core.package_identification:Package 'src/uros/micro-ROS-Agent/micro_ros_agent' with type 'ros.ament_cmake' and name 'micro_ros_agent'
[0.294s] Level 1:colcon.colcon_core.package_identification:_identify(src/uros/micro-ROS-Agent/snap) by extensions ['ignore', 'ignore_ament_install']
[0.294s] Level 1:colcon.colcon_core.package_identification:_identify(src/uros/micro-ROS-Agent/snap) by extension 'ignore'
[0.294s] Level 1:colcon.colcon_core.package_identification:_identify(src/uros/micro-ROS-Agent/snap) by extension 'ignore_ament_install'
[0.294s] Level 1:colcon.colcon_core.package_identification:_identify(src/uros/micro-ROS-Agent/snap) by extensions ['colcon_pkg']
[0.294s] Level 1:colcon.colcon_core.package_identification:_identify(src/uros/micro-ROS-Agent/snap) by extension 'colcon_pkg'
[0.294s] Level 1:colcon.colcon_core.package_identification:_identify(src/uros/micro-ROS-Agent/snap) by extensions ['colcon_meta']
[0.294s] Level 1:colcon.colcon_core.package_identification:_identify(src/uros/micro-ROS-Agent/snap) by extension 'colcon_meta'
[0.295s] Level 1:colcon.colcon_core.package_identification:_identify(src/uros/micro-ROS-Agent/snap) by extensions ['ros']
[0.295s] Level 1:colcon.colcon_core.package_identification:_identify(src/uros/micro-ROS-Agent/snap) by extension 'ros'
[0.295s] Level 1:colcon.colcon_core.package_identification:_identify(src/uros/micro-ROS-Agent/snap) by extensions ['cmake', 'python']
[0.295s] Level 1:colcon.colcon_core.package_identification:_identify(src/uros/micro-ROS-Agent/snap) by extension 'cmake'
[0.295s] Level 1:colcon.colcon_core.package_identification:_identify(src/uros/micro-ROS-Agent/snap) by extension 'python'
[0.295s] Level 1:colcon.colcon_core.package_identification:_identify(src/uros/micro-ROS-Agent/snap) by extensions ['python_setup_py']
[0.295s] Level 1:colcon.colcon_core.package_identification:_identify(src/uros/micro-ROS-Agent/snap) by extension 'python_setup_py'
[0.295s] Level 1:colcon.colcon_core.package_identification:_identify(src/uros/micro-ROS-Agent/snap/hooks) by extensions ['ignore', 'ignore_ament_install']
[0.295s] Level 1:colcon.colcon_core.package_identification:_identify(src/uros/micro-ROS-Agent/snap/hooks) by extension 'ignore'
[0.295s] Level 1:colcon.colcon_core.package_identification:_identify(src/uros/micro-ROS-Agent/snap/hooks) by extension 'ignore_ament_install'
[0.295s] Level 1:colcon.colcon_core.package_identification:_identify(src/uros/micro-ROS-Agent/snap/hooks) by extensions ['colcon_pkg']
[0.295s] Level 1:colcon.colcon_core.package_identification:_identify(src/uros/micro-ROS-Agent/snap/hooks) by extension 'colcon_pkg'
[0.295s] Level 1:colcon.colcon_core.package_identification:_identify(src/uros/micro-ROS-Agent/snap/hooks) by extensions ['colcon_meta']
[0.295s] Level 1:colcon.colcon_core.package_identification:_identify(src/uros/micro-ROS-Agent/snap/hooks) by extension 'colcon_meta'
[0.295s] Level 1:colcon.colcon_core.package_identification:_identify(src/uros/micro-ROS-Agent/snap/hooks) by extensions ['ros']
[0.295s] Level 1:colcon.colcon_core.package_identification:_identify(src/uros/micro-ROS-Agent/snap/hooks) by extension 'ros'
[0.295s] Level 1:colcon.colcon_core.package_identification:_identify(src/uros/micro-ROS-Agent/snap/hooks) by extensions ['cmake', 'python']
[0.295s] Level 1:colcon.colcon_core.package_identification:_identify(src/uros/micro-ROS-Agent/snap/hooks) by extension 'cmake'
[0.295s] Level 1:colcon.colcon_core.package_identification:_identify(src/uros/micro-ROS-Agent/snap/hooks) by extension 'python'
[0.295s] Level 1:colcon.colcon_core.package_identification:_identify(src/uros/micro-ROS-Agent/snap/hooks) by extensions ['python_setup_py']
[0.295s] Level 1:colcon.colcon_core.package_identification:_identify(src/uros/micro-ROS-Agent/snap/hooks) by extension 'python_setup_py'
[0.295s] Level 1:colcon.colcon_core.package_identification:_identify(src/uros/micro-ROS-Agent/snap/local) by extensions ['ignore', 'ignore_ament_install']
[0.295s] Level 1:colcon.colcon_core.package_identification:_identify(src/uros/micro-ROS-Agent/snap/local) by extension 'ignore'
[0.296s] Level 1:colcon.colcon_core.package_identification:_identify(src/uros/micro-ROS-Agent/snap/local) by extension 'ignore_ament_install'
[0.296s] Level 1:colcon.colcon_core.package_identification:_identify(src/uros/micro-ROS-Agent/snap/local) by extensions ['colcon_pkg']
[0.296s] Level 1:colcon.colcon_core.package_identification:_identify(src/uros/micro-ROS-Agent/snap/local) by extension 'colcon_pkg'
[0.296s] Level 1:colcon.colcon_core.package_identification:_identify(src/uros/micro-ROS-Agent/snap/local) by extensions ['colcon_meta']
[0.296s] Level 1:colcon.colcon_core.package_identification:_identify(src/uros/micro-ROS-Agent/snap/local) by extension 'colcon_meta'
[0.296s] Level 1:colcon.colcon_core.package_identification:_identify(src/uros/micro-ROS-Agent/snap/local) by extensions ['ros']
[0.296s] Level 1:colcon.colcon_core.package_identification:_identify(src/uros/micro-ROS-Agent/snap/local) by extension 'ros'
[0.296s] Level 1:colcon.colcon_core.package_identification:_identify(src/uros/micro-ROS-Agent/snap/local) by extensions ['cmake', 'python']
[0.296s] Level 1:colcon.colcon_core.package_identification:_identify(src/uros/micro-ROS-Agent/snap/local) by extension 'cmake'
[0.296s] Level 1:colcon.colcon_core.package_identification:_identify(src/uros/micro-ROS-Agent/snap/local) by extension 'python'
[0.296s] Level 1:colcon.colcon_core.package_identification:_identify(src/uros/micro-ROS-Agent/snap/local) by extensions ['python_setup_py']
[0.296s] Level 1:colcon.colcon_core.package_identification:_identify(src/uros/micro-ROS-Agent/snap/local) by extension 'python_setup_py'
[0.296s] Level 1:colcon.colcon_core.package_identification:_identify(src/uros/micro_ros_msgs) by extensions ['ignore', 'ignore_ament_install']
[0.296s] Level 1:colcon.colcon_core.package_identification:_identify(src/uros/micro_ros_msgs) by extension 'ignore'
[0.296s] Level 1:colcon.colcon_core.package_identification:_identify(src/uros/micro_ros_msgs) by extension 'ignore_ament_install'
[0.296s] Level 1:colcon.colcon_core.package_identification:_identify(src/uros/micro_ros_msgs) by extensions ['colcon_pkg']
[0.296s] Level 1:colcon.colcon_core.package_identification:_identify(src/uros/micro_ros_msgs) by extension 'colcon_pkg'
[0.296s] Level 1:colcon.colcon_core.package_identification:_identify(src/uros/micro_ros_msgs) by extensions ['colcon_meta']
[0.296s] Level 1:colcon.colcon_core.package_identification:_identify(src/uros/micro_ros_msgs) by extension 'colcon_meta'
[0.296s] Level 1:colcon.colcon_core.package_identification:_identify(src/uros/micro_ros_msgs) by extensions ['ros']
[0.296s] Level 1:colcon.colcon_core.package_identification:_identify(src/uros/micro_ros_msgs) by extension 'ros'
[0.297s] DEBUG:colcon.colcon_core.package_identification:Package 'src/uros/micro_ros_msgs' with type 'ros.ament_cmake' and name 'micro_ros_msgs'
[0.297s] Level 1:colcon.colcon_core.package_discovery:discover_packages(recursive) using defaults
[0.297s] Level 1:colcon.colcon_core.package_discovery:discover_packages(ignore) discover
[0.297s] Level 1:colcon.colcon_core.package_discovery:discover_packages(ignore) using defaults
[0.297s] Level 1:colcon.colcon_core.package_discovery:discover_packages(path) discover
[0.297s] Level 1:colcon.colcon_core.package_discovery:discover_packages(path) using defaults
[0.329s] INFO:colcon.colcon_core.package_selection:Skipping package 'micro_ros_setup' in 'src/micro_ros_setup'
[0.329s] Level 1:colcon.colcon_core.package_discovery:discover_packages(prefix_path) check parameters
[0.329s] Level 1:colcon.colcon_core.package_discovery:discover_packages(prefix_path) discover
[0.332s] DEBUG:colcon.colcon_installed_package_information.package_discovery:Found 1 installed packages in /home/vyom/microros_ws/install
[0.332s] DEBUG:colcon.colcon_installed_package_information.package_discovery:Found 3 installed packages in /home/vyom/turtlebot3_ws/install
[0.332s] DEBUG:colcon.colcon_installed_package_information.package_discovery:Found 7 installed packages in /home/vyom/ros2_ws/install
[0.333s] DEBUG:colcon.colcon_installed_package_information.package_discovery:Found 22 installed packages in /home/vyom/install
[0.334s] DEBUG:colcon.colcon_installed_package_information.package_discovery:Found 427 installed packages in /opt/ros/humble
[0.337s] Level 1:colcon.colcon_core.package_discovery:discover_packages(prefix_path) using defaults
[0.387s] Level 5:colcon.colcon_core.verb:set package 'micro_ros_msgs' build argument 'cmake_args' from command line to '['-DUAGENT_BUILD_EXECUTABLE=OFF', '-DUAGENT_P2P_PROFILE=OFF', '--no-warn-unused-cli']'
[0.387s] Level 5:colcon.colcon_core.verb:set package 'micro_ros_msgs' build argument 'cmake_target' from command line to 'None'
[0.387s] Level 5:colcon.colcon_core.verb:set package 'micro_ros_msgs' build argument 'cmake_target_skip_unavailable' from command line to 'False'
[0.387s] Level 5:colcon.colcon_core.verb:set package 'micro_ros_msgs' build argument 'cmake_clean_cache' from command line to 'False'
[0.387s] Level 5:colcon.colcon_core.verb:set package 'micro_ros_msgs' build argument 'cmake_clean_first' from command line to 'False'
[0.387s] Level 5:colcon.colcon_core.verb:set package 'micro_ros_msgs' build argument 'cmake_force_configure' from command line to 'False'
[0.387s] Level 5:colcon.colcon_core.verb:set package 'micro_ros_msgs' build argument 'ament_cmake_args' from command line to 'None'
[0.387s] Level 5:colcon.colcon_core.verb:set package 'micro_ros_msgs' build argument 'catkin_cmake_args' from command line to 'None'
[0.387s] Level 5:colcon.colcon_core.verb:set package 'micro_ros_msgs' build argument 'catkin_skip_building_tests' from command line to 'False'
[0.387s] DEBUG:colcon.colcon_core.verb:Building package 'micro_ros_msgs' with the following arguments: {'ament_cmake_args': None, 'build_base': '/home/vyom/microros_ws/build/micro_ros_msgs', 'catkin_cmake_args': None, 'catkin_skip_building_tests': False, 'cmake_args': ['-DUAGENT_BUILD_EXECUTABLE=OFF', '-DUAGENT_P2P_PROFILE=OFF', '--no-warn-unused-cli'], 'cmake_clean_cache': False, 'cmake_clean_first': False, 'cmake_force_configure': False, 'cmake_target': None, 'cmake_target_skip_unavailable': False, 'install_base': '/home/vyom/microros_ws/install/micro_ros_msgs', 'merge_install': False, 'path': '/home/vyom/microros_ws/src/uros/micro_ros_msgs', 'symlink_install': False, 'test_result_base': None}
[0.387s] Level 5:colcon.colcon_core.verb:set package 'micro_ros_agent' build argument 'cmake_args' from command line to '['-DUAGENT_BUILD_EXECUTABLE=OFF', '-DUAGENT_P2P_PROFILE=OFF', '--no-warn-unused-cli']'
[0.387s] Level 5:colcon.colcon_core.verb:set package 'micro_ros_agent' build argument 'cmake_target' from command line to 'None'
[0.387s] Level 5:colcon.colcon_core.verb:set package 'micro_ros_agent' build argument 'cmake_target_skip_unavailable' from command line to 'False'
[0.387s] Level 5:colcon.colcon_core.verb:set package 'micro_ros_agent' build argument 'cmake_clean_cache' from command line to 'False'
[0.387s] Level 5:colcon.colcon_core.verb:set package 'micro_ros_agent' build argument 'cmake_clean_first' from command line to 'False'
[0.387s] Level 5:colcon.colcon_core.verb:set package 'micro_ros_agent' build argument 'cmake_force_configure' from command line to 'False'
[0.387s] Level 5:colcon.colcon_core.verb:set package 'micro_ros_agent' build argument 'ament_cmake_args' from command line to 'None'
[0.388s] Level 5:colcon.colcon_core.verb:set package 'micro_ros_agent' build argument 'catkin_cmake_args' from command line to 'None'
[0.388s] Level 5:colcon.colcon_core.verb:set package 'micro_ros_agent' build argument 'catkin_skip_building_tests' from command line to 'False'
[0.388s] DEBUG:colcon.colcon_core.verb:Building package 'micro_ros_agent' with the following arguments: {'ament_cmake_args': None, 'build_base': '/home/vyom/microros_ws/build/micro_ros_agent', 'catkin_cmake_args': None, 'catkin_skip_building_tests': False, 'cmake_args': ['-DUAGENT_BUILD_EXECUTABLE=OFF', '-DUAGENT_P2P_PROFILE=OFF', '--no-warn-unused-cli'], 'cmake_clean_cache': False, 'cmake_clean_first': False, 'cmake_force_configure': False, 'cmake_target': None, 'cmake_target_skip_unavailable': False, 'install_base': '/home/vyom/microros_ws/install/micro_ros_agent', 'merge_install': False, 'path': '/home/vyom/microros_ws/src/uros/micro-ROS-Agent/micro_ros_agent', 'symlink_install': False, 'test_result_base': None}
[0.388s] INFO:colcon.colcon_core.executor:Executing jobs using 'parallel' executor
[0.389s] DEBUG:colcon.colcon_parallel_executor.executor.parallel:run_until_complete
[0.389s] INFO:colcon.colcon_ros.task.ament_cmake.build:Building ROS package in '/home/vyom/microros_ws/src/uros/micro_ros_msgs' with build type 'ament_cmake'
[0.389s] INFO:colcon.colcon_cmake.task.cmake.build:Building CMake package in '/home/vyom/microros_ws/src/uros/micro_ros_msgs'
[0.391s] INFO:colcon.colcon_core.plugin_system:Skipping extension 'colcon_core.shell.bat': Not used on non-Windows systems
[0.391s] INFO:colcon.colcon_core.shell:Skip shell extension 'powershell' for command environment: Not usable outside of PowerShell
[0.391s] DEBUG:colcon.colcon_core.shell:Skip shell extension 'dsv' for command environment
[0.401s] DEBUG:colcon.colcon_core.event_handler.log_command:Invoking command in '/home/vyom/microros_ws/build/micro_ros_msgs': CMAKE_PREFIX_PATH=${CMAKE_PREFIX_PATH}:/home/vyom/ros2_ws/install/p9n_bringup:/home/vyom/install/launch_testing_examples:/home/vyom/install/examples_rclpy_pointcloud_publisher:/home/vyom/install/examples_rclpy_minimal_subscriber:/home/vyom/install/examples_rclpy_minimal_service:/home/vyom/install/examples_rclpy_minimal_publisher:/home/vyom/install/examples_rclpy_minimal_client:/home/vyom/install/examples_rclpy_minimal_action_server:/home/vyom/install/examples_rclpy_minimal_action_client:/home/vyom/install/examples_rclpy_guard_conditions:/home/vyom/install/examples_rclpy_executors:/opt/ros/humble /usr/bin/cmake /home/vyom/microros_ws/src/uros/micro_ros_msgs -DUAGENT_BUILD_EXECUTABLE=OFF -DUAGENT_P2P_PROFILE=OFF --no-warn-unused-cli -DCMAKE_INSTALL_PREFIX=/home/vyom/microros_ws/install/micro_ros_msgs
[2.189s] DEBUG:colcon.colcon_core.event_handler.log_command:Invoked command in '/home/vyom/microros_ws/build/micro_ros_msgs' returned '0': CMAKE_PREFIX_PATH=${CMAKE_PREFIX_PATH}:/home/vyom/ros2_ws/install/p9n_bringup:/home/vyom/install/launch_testing_examples:/home/vyom/install/examples_rclpy_pointcloud_publisher:/home/vyom/install/examples_rclpy_minimal_subscriber:/home/vyom/install/examples_rclpy_minimal_service:/home/vyom/install/examples_rclpy_minimal_publisher:/home/vyom/install/examples_rclpy_minimal_client:/home/vyom/install/examples_rclpy_minimal_action_server:/home/vyom/install/examples_rclpy_minimal_action_client:/home/vyom/install/examples_rclpy_guard_conditions:/home/vyom/install/examples_rclpy_executors:/opt/ros/humble /usr/bin/cmake /home/vyom/microros_ws/src/uros/micro_ros_msgs -DUAGENT_BUILD_EXECUTABLE=OFF -DUAGENT_P2P_PROFILE=OFF --no-warn-unused-cli -DCMAKE_INSTALL_PREFIX=/home/vyom/microros_ws/install/micro_ros_msgs
[2.191s] DEBUG:colcon.colcon_core.event_handler.log_command:Invoking command in '/home/vyom/microros_ws/build/micro_ros_msgs': CMAKE_PREFIX_PATH=${CMAKE_PREFIX_PATH}:/home/vyom/ros2_ws/install/p9n_bringup:/home/vyom/install/launch_testing_examples:/home/vyom/install/examples_rclpy_pointcloud_publisher:/home/vyom/install/examples_rclpy_minimal_subscriber:/home/vyom/install/examples_rclpy_minimal_service:/home/vyom/install/examples_rclpy_minimal_publisher:/home/vyom/install/examples_rclpy_minimal_client:/home/vyom/install/examples_rclpy_minimal_action_server:/home/vyom/install/examples_rclpy_minimal_action_client:/home/vyom/install/examples_rclpy_guard_conditions:/home/vyom/install/examples_rclpy_executors:/opt/ros/humble /usr/bin/cmake --build /home/vyom/microros_ws/build/micro_ros_msgs -- -j8 -l8
[6.390s] DEBUG:colcon.colcon_core.event_handler.log_command:Invoked command in '/home/vyom/microros_ws/build/micro_ros_msgs' returned '0': CMAKE_PREFIX_PATH=${CMAKE_PREFIX_PATH}:/home/vyom/ros2_ws/install/p9n_bringup:/home/vyom/install/launch_testing_examples:/home/vyom/install/examples_rclpy_pointcloud_publisher:/home/vyom/install/examples_rclpy_minimal_subscriber:/home/vyom/install/examples_rclpy_minimal_service:/home/vyom/install/examples_rclpy_minimal_publisher:/home/vyom/install/examples_rclpy_minimal_client:/home/vyom/install/examples_rclpy_minimal_action_server:/home/vyom/install/examples_rclpy_minimal_action_client:/home/vyom/install/examples_rclpy_guard_conditions:/home/vyom/install/examples_rclpy_executors:/opt/ros/humble /usr/bin/cmake --build /home/vyom/microros_ws/build/micro_ros_msgs -- -j8 -l8
[6.534s] DEBUG:colcon.colcon_core.event_handler.log_command:Invoking command in '/home/vyom/microros_ws/build/micro_ros_msgs': CMAKE_PREFIX_PATH=${CMAKE_PREFIX_PATH}:/home/vyom/ros2_ws/install/p9n_bringup:/home/vyom/install/launch_testing_examples:/home/vyom/install/examples_rclpy_pointcloud_publisher:/home/vyom/install/examples_rclpy_minimal_subscriber:/home/vyom/install/examples_rclpy_minimal_service:/home/vyom/install/examples_rclpy_minimal_publisher:/home/vyom/install/examples_rclpy_minimal_client:/home/vyom/install/examples_rclpy_minimal_action_server:/home/vyom/install/examples_rclpy_minimal_action_client:/home/vyom/install/examples_rclpy_guard_conditions:/home/vyom/install/examples_rclpy_executors:/opt/ros/humble /usr/bin/cmake --install /home/vyom/microros_ws/build/micro_ros_msgs
[6.604s] Level 1:colcon.colcon_core.environment:create_environment_scripts_only(micro_ros_msgs)
[6.605s] DEBUG:colcon.colcon_core.event_handler.log_command:Invoked command in '/home/vyom/microros_ws/build/micro_ros_msgs' returned '0': CMAKE_PREFIX_PATH=${CMAKE_PREFIX_PATH}:/home/vyom/ros2_ws/install/p9n_bringup:/home/vyom/install/launch_testing_examples:/home/vyom/install/examples_rclpy_pointcloud_publisher:/home/vyom/install/examples_rclpy_minimal_subscriber:/home/vyom/install/examples_rclpy_minimal_service:/home/vyom/install/examples_rclpy_minimal_publisher:/home/vyom/install/examples_rclpy_minimal_client:/home/vyom/install/examples_rclpy_minimal_action_server:/home/vyom/install/examples_rclpy_minimal_action_client:/home/vyom/install/examples_rclpy_guard_conditions:/home/vyom/install/examples_rclpy_executors:/opt/ros/humble /usr/bin/cmake --install /home/vyom/microros_ws/build/micro_ros_msgs
[6.606s] Level 1:colcon.colcon_core.environment:checking '/home/vyom/microros_ws/install/micro_ros_msgs' for CMake module files
[6.607s] Level 1:colcon.colcon_core.environment:checking '/home/vyom/microros_ws/install/micro_ros_msgs' for CMake config files
[6.607s] Level 1:colcon.colcon_core.shell:create_environment_hook('micro_ros_msgs', 'cmake_prefix_path')
[6.607s] INFO:colcon.colcon_core.shell:Creating environment hook '/home/vyom/microros_ws/install/micro_ros_msgs/share/micro_ros_msgs/hook/cmake_prefix_path.ps1'
[6.608s] INFO:colcon.colcon_core.shell:Creating environment descriptor '/home/vyom/microros_ws/install/micro_ros_msgs/share/micro_ros_msgs/hook/cmake_prefix_path.dsv'
[6.608s] INFO:colcon.colcon_core.shell:Creating environment hook '/home/vyom/microros_ws/install/micro_ros_msgs/share/micro_ros_msgs/hook/cmake_prefix_path.sh'
[6.609s] Level 1:colcon.colcon_core.environment:checking '/home/vyom/microros_ws/install/micro_ros_msgs/lib'
[6.609s] Level 1:colcon.colcon_core.shell:create_environment_hook('micro_ros_msgs', 'ld_library_path_lib')
[6.609s] INFO:colcon.colcon_core.shell:Creating environment hook '/home/vyom/microros_ws/install/micro_ros_msgs/share/micro_ros_msgs/hook/ld_library_path_lib.ps1'
[6.609s] INFO:colcon.colcon_core.shell:Creating environment descriptor '/home/vyom/microros_ws/install/micro_ros_msgs/share/micro_ros_msgs/hook/ld_library_path_lib.dsv'
[6.610s] INFO:colcon.colcon_core.shell:Creating environment hook '/home/vyom/microros_ws/install/micro_ros_msgs/share/micro_ros_msgs/hook/ld_library_path_lib.sh'
[6.610s] Level 1:colcon.colcon_core.environment:checking '/home/vyom/microros_ws/install/micro_ros_msgs/bin'
[6.610s] Level 1:colcon.colcon_core.environment:checking '/home/vyom/microros_ws/install/micro_ros_msgs/lib/pkgconfig/micro_ros_msgs.pc'
[6.611s] Level 1:colcon.colcon_core.environment:checking '/home/vyom/microros_ws/install/micro_ros_msgs/lib/python3.10/site-packages'
[6.611s] Level 1:colcon.colcon_core.environment:checking '/home/vyom/microros_ws/install/micro_ros_msgs/bin'
[6.611s] INFO:colcon.colcon_core.shell:Creating package script '/home/vyom/microros_ws/install/micro_ros_msgs/share/micro_ros_msgs/package.ps1'
[6.612s] INFO:colcon.colcon_core.shell:Creating package descriptor '/home/vyom/microros_ws/install/micro_ros_msgs/share/micro_ros_msgs/package.dsv'
[6.612s] INFO:colcon.colcon_core.shell:Creating package script '/home/vyom/microros_ws/install/micro_ros_msgs/share/micro_ros_msgs/package.sh'
[6.613s] INFO:colcon.colcon_core.shell:Creating package script '/home/vyom/microros_ws/install/micro_ros_msgs/share/micro_ros_msgs/package.bash'
[6.613s] INFO:colcon.colcon_core.shell:Creating package script '/home/vyom/microros_ws/install/micro_ros_msgs/share/micro_ros_msgs/package.zsh'
[6.614s] Level 1:colcon.colcon_core.environment:create_file_with_runtime_dependencies(/home/vyom/microros_ws/install/micro_ros_msgs/share/colcon-core/packages/micro_ros_msgs)
[6.766s] Level 1:colcon.colcon_core.environment:create_environment_scripts_only(micro_ros_msgs)
[6.767s] Level 1:colcon.colcon_core.environment:checking '/home/vyom/microros_ws/install/micro_ros_msgs' for CMake module files
[6.767s] Level 1:colcon.colcon_core.environment:checking '/home/vyom/microros_ws/install/micro_ros_msgs' for CMake config files
[6.768s] Level 1:colcon.colcon_core.shell:create_environment_hook('micro_ros_msgs', 'cmake_prefix_path')
[6.768s] INFO:colcon.colcon_core.shell:Creating environment hook '/home/vyom/microros_ws/install/micro_ros_msgs/share/micro_ros_msgs/hook/cmake_prefix_path.ps1'
[6.768s] INFO:colcon.colcon_core.shell:Creating environment descriptor '/home/vyom/microros_ws/install/micro_ros_msgs/share/micro_ros_msgs/hook/cmake_prefix_path.dsv'
[6.769s] INFO:colcon.colcon_core.shell:Creating environment hook '/home/vyom/microros_ws/install/micro_ros_msgs/share/micro_ros_msgs/hook/cmake_prefix_path.sh'
[6.769s] Level 1:colcon.colcon_core.environment:checking '/home/vyom/microros_ws/install/micro_ros_msgs/lib'
[6.769s] Level 1:colcon.colcon_core.shell:create_environment_hook('micro_ros_msgs', 'ld_library_path_lib')
[6.770s] INFO:colcon.colcon_core.shell:Creating environment hook '/home/vyom/microros_ws/install/micro_ros_msgs/share/micro_ros_msgs/hook/ld_library_path_lib.ps1'
[6.770s] INFO:colcon.colcon_core.shell:Creating environment descriptor '/home/vyom/microros_ws/install/micro_ros_msgs/share/micro_ros_msgs/hook/ld_library_path_lib.dsv'
[6.770s] INFO:colcon.colcon_core.shell:Creating environment hook '/home/vyom/microros_ws/install/micro_ros_msgs/share/micro_ros_msgs/hook/ld_library_path_lib.sh'
[6.770s] Level 1:colcon.colcon_core.environment:checking '/home/vyom/microros_ws/install/micro_ros_msgs/bin'
[6.771s] Level 1:colcon.colcon_core.environment:checking '/home/vyom/microros_ws/install/micro_ros_msgs/lib/pkgconfig/micro_ros_msgs.pc'
[6.771s] Level 1:colcon.colcon_core.environment:checking '/home/vyom/microros_ws/install/micro_ros_msgs/lib/python3.10/site-packages'
[6.771s] Level 1:colcon.colcon_core.environment:checking '/home/vyom/microros_ws/install/micro_ros_msgs/bin'
[6.772s] INFO:colcon.colcon_core.shell:Creating package script '/home/vyom/microros_ws/install/micro_ros_msgs/share/micro_ros_msgs/package.ps1'
[6.772s] INFO:colcon.colcon_core.shell:Creating package descriptor '/home/vyom/microros_ws/install/micro_ros_msgs/share/micro_ros_msgs/package.dsv'
[6.773s] INFO:colcon.colcon_core.shell:Creating package script '/home/vyom/microros_ws/install/micro_ros_msgs/share/micro_ros_msgs/package.sh'
[6.773s] INFO:colcon.colcon_core.shell:Creating package script '/home/vyom/microros_ws/install/micro_ros_msgs/share/micro_ros_msgs/package.bash'
[6.773s] INFO:colcon.colcon_core.shell:Creating package script '/home/vyom/microros_ws/install/micro_ros_msgs/share/micro_ros_msgs/package.zsh'
[6.774s] Level 1:colcon.colcon_core.environment:create_file_with_runtime_dependencies(/home/vyom/microros_ws/install/micro_ros_msgs/share/colcon-core/packages/micro_ros_msgs)
[6.774s] INFO:colcon.colcon_ros.task.ament_cmake.build:Building ROS package in '/home/vyom/microros_ws/src/uros/micro-ROS-Agent/micro_ros_agent' with build type 'ament_cmake'
[6.774s] INFO:colcon.colcon_cmake.task.cmake.build:Building CMake package in '/home/vyom/microros_ws/src/uros/micro-ROS-Agent/micro_ros_agent'
[6.774s] INFO:colcon.colcon_core.shell:Skip shell extension 'powershell' for command environment: Not usable outside of PowerShell
[6.774s] DEBUG:colcon.colcon_core.shell:Skip shell extension 'dsv' for command environment
[6.790s] DEBUG:colcon.colcon_core.event_handler.log_command:Invoking command in '/home/vyom/microros_ws/build/micro_ros_agent': AMENT_PREFIX_PATH=/home/vyom/microros_ws/install/micro_ros_msgs:${AMENT_PREFIX_PATH} CMAKE_PREFIX_PATH=/home/vyom/microros_ws/install/micro_ros_msgs:/home/vyom/microros_ws/install/micro_ros_setup:/home/vyom/turtlebot3_ws/install/turtlebot3_simulations:/home/vyom/turtlebot3_ws/install/turtlebot3_gazebo:/home/vyom/turtlebot3_ws/install/turtlebot3_fake_node:/home/vyom/ros2_ws/install/p9n:/home/vyom/ros2_ws/install/p9n_test:/home/vyom/ros2_ws/install/p9n_node:/home/vyom/ros2_ws/install/p9n_example:/home/vyom/ros2_ws/install/p9n_interface:/home/vyom/ros2_ws/install/cpp_pubsub:/home/vyom/install/examples_rclcpp_wait_set:/home/vyom/install/examples_rclcpp_multithreaded_executor:/home/vyom/install/examples_rclcpp_minimal_timer:/home/vyom/install/examples_rclcpp_minimal_subscriber:/home/vyom/install/examples_rclcpp_minimal_service:/home/vyom/install/examples_rclcpp_minimal_publisher:/home/vyom/install/examples_rclcpp_minimal_composition:/home/vyom/install/examples_rclcpp_minimal_client:/home/vyom/install/examples_rclcpp_minimal_action_server:/home/vyom/install/examples_rclcpp_minimal_action_client:/home/vyom/install/examples_rclcpp_cbg_executor:/home/vyom/install/examples_rclcpp_async_client:/home/vyom/ros2_ws/install/p9n_bringup:/home/vyom/install/launch_testing_examples:/home/vyom/install/examples_rclpy_pointcloud_publisher:/home/vyom/install/examples_rclpy_minimal_subscriber:/home/vyom/install/examples_rclpy_minimal_service:/home/vyom/install/examples_rclpy_minimal_publisher:/home/vyom/install/examples_rclpy_minimal_client:/home/vyom/install/examples_rclpy_minimal_action_server:/home/vyom/install/examples_rclpy_minimal_action_client:/home/vyom/install/examples_rclpy_guard_conditions:/home/vyom/install/examples_rclpy_executors:/opt/ros/humble LD_LIBRARY_PATH=/home/vyom/microros_ws/install/micro_ros_msgs/lib:/home/vyom/ros2_ws/install/p9n_test/lib:/home/vyom/ros2_ws/install/p9n_node/lib:/home/vyom/ros2_ws/install/p9n_example/lib:/home/vyom/ros2_ws/install/p9n_interface/lib:/home/vyom/install/examples_rclcpp_wait_set/lib:/home/vyom/install/examples_rclcpp_minimal_subscriber/lib:/home/vyom/install/examples_rclcpp_minimal_composition/lib:/usr/lib/x86_64-linux-gnu/gazebo-11/plugins:/opt/ros/humble/opt/rviz_ogre_vendor/lib:/opt/ros/humble/lib/x86_64-linux-gnu:/opt/ros/humble/lib:/usr/share/gazebo/../../lib/x86_64-linux-gnu/gazebo-11/plugins PYTHONPATH=/home/vyom/microros_ws/install/micro_ros_msgs/local/lib/python3.10/dist-packages:${PYTHONPATH} /usr/bin/cmake /home/vyom/microros_ws/src/uros/micro-ROS-Agent/micro_ros_agent -DUAGENT_BUILD_EXECUTABLE=OFF -DUAGENT_P2P_PROFILE=OFF --no-warn-unused-cli -DCMAKE_INSTALL_PREFIX=/home/vyom/microros_ws/install/micro_ros_agent
[7.121s] DEBUG:colcon.colcon_core.event_handler.log_command:Invoked command in '/home/vyom/microros_ws/build/micro_ros_agent' returned '0': AMENT_PREFIX_PATH=/home/vyom/microros_ws/install/micro_ros_msgs:${AMENT_PREFIX_PATH} CMAKE_PREFIX_PATH=/home/vyom/microros_ws/install/micro_ros_msgs:/home/vyom/microros_ws/install/micro_ros_setup:/home/vyom/turtlebot3_ws/install/turtlebot3_simulations:/home/vyom/turtlebot3_ws/install/turtlebot3_gazebo:/home/vyom/turtlebot3_ws/install/turtlebot3_fake_node:/home/vyom/ros2_ws/install/p9n:/home/vyom/ros2_ws/install/p9n_test:/home/vyom/ros2_ws/install/p9n_node:/home/vyom/ros2_ws/install/p9n_example:/home/vyom/ros2_ws/install/p9n_interface:/home/vyom/ros2_ws/install/cpp_pubsub:/home/vyom/install/examples_rclcpp_wait_set:/home/vyom/install/examples_rclcpp_multithreaded_executor:/home/vyom/install/examples_rclcpp_minimal_timer:/home/vyom/install/examples_rclcpp_minimal_subscriber:/home/vyom/install/examples_rclcpp_minimal_service:/home/vyom/install/examples_rclcpp_minimal_publisher:/home/vyom/install/examples_rclcpp_minimal_composition:/home/vyom/install/examples_rclcpp_minimal_client:/home/vyom/install/examples_rclcpp_minimal_action_server:/home/vyom/install/examples_rclcpp_minimal_action_client:/home/vyom/install/examples_rclcpp_cbg_executor:/home/vyom/install/examples_rclcpp_async_client:/home/vyom/ros2_ws/install/p9n_bringup:/home/vyom/install/launch_testing_examples:/home/vyom/install/examples_rclpy_pointcloud_publisher:/home/vyom/install/examples_rclpy_minimal_subscriber:/home/vyom/install/examples_rclpy_minimal_service:/home/vyom/install/examples_rclpy_minimal_publisher:/home/vyom/install/examples_rclpy_minimal_client:/home/vyom/install/examples_rclpy_minimal_action_server:/home/vyom/install/examples_rclpy_minimal_action_client:/home/vyom/install/examples_rclpy_guard_conditions:/home/vyom/install/examples_rclpy_executors:/opt/ros/humble LD_LIBRARY_PATH=/home/vyom/microros_ws/install/micro_ros_msgs/lib:/home/vyom/ros2_ws/install/p9n_test/lib:/home/vyom/ros2_ws/install/p9n_node/lib:/home/vyom/ros2_ws/install/p9n_example/lib:/home/vyom/ros2_ws/install/p9n_interface/lib:/home/vyom/install/examples_rclcpp_wait_set/lib:/home/vyom/install/examples_rclcpp_minimal_subscriber/lib:/home/vyom/install/examples_rclcpp_minimal_composition/lib:/usr/lib/x86_64-linux-gnu/gazebo-11/plugins:/opt/ros/humble/opt/rviz_ogre_vendor/lib:/opt/ros/humble/lib/x86_64-linux-gnu:/opt/ros/humble/lib:/usr/share/gazebo/../../lib/x86_64-linux-gnu/gazebo-11/plugins PYTHONPATH=/home/vyom/microros_ws/install/micro_ros_msgs/local/lib/python3.10/dist-packages:${PYTHONPATH} /usr/bin/cmake /home/vyom/microros_ws/src/uros/micro-ROS-Agent/micro_ros_agent -DUAGENT_BUILD_EXECUTABLE=OFF -DUAGENT_P2P_PROFILE=OFF --no-warn-unused-cli -DCMAKE_INSTALL_PREFIX=/home/vyom/microros_ws/install/micro_ros_agent
[7.122s] DEBUG:colcon.colcon_core.event_handler.log_command:Invoking command in '/home/vyom/microros_ws/build/micro_ros_agent': AMENT_PREFIX_PATH=/home/vyom/microros_ws/install/micro_ros_msgs:${AMENT_PREFIX_PATH} CMAKE_PREFIX_PATH=/home/vyom/microros_ws/install/micro_ros_msgs:/home/vyom/microros_ws/install/micro_ros_setup:/home/vyom/turtlebot3_ws/install/turtlebot3_simulations:/home/vyom/turtlebot3_ws/install/turtlebot3_gazebo:/home/vyom/turtlebot3_ws/install/turtlebot3_fake_node:/home/vyom/ros2_ws/install/p9n:/home/vyom/ros2_ws/install/p9n_test:/home/vyom/ros2_ws/install/p9n_node:/home/vyom/ros2_ws/install/p9n_example:/home/vyom/ros2_ws/install/p9n_interface:/home/vyom/ros2_ws/install/cpp_pubsub:/home/vyom/install/examples_rclcpp_wait_set:/home/vyom/install/examples_rclcpp_multithreaded_executor:/home/vyom/install/examples_rclcpp_minimal_timer:/home/vyom/install/examples_rclcpp_minimal_subscriber:/home/vyom/install/examples_rclcpp_minimal_service:/home/vyom/install/examples_rclcpp_minimal_publisher:/home/vyom/install/examples_rclcpp_minimal_composition:/home/vyom/install/examples_rclcpp_minimal_client:/home/vyom/install/examples_rclcpp_minimal_action_server:/home/vyom/install/examples_rclcpp_minimal_action_client:/home/vyom/install/examples_rclcpp_cbg_executor:/home/vyom/install/examples_rclcpp_async_client:/home/vyom/ros2_ws/install/p9n_bringup:/home/vyom/install/launch_testing_examples:/home/vyom/install/examples_rclpy_pointcloud_publisher:/home/vyom/install/examples_rclpy_minimal_subscriber:/home/vyom/install/examples_rclpy_minimal_service:/home/vyom/install/examples_rclpy_minimal_publisher:/home/vyom/install/examples_rclpy_minimal_client:/home/vyom/install/examples_rclpy_minimal_action_server:/home/vyom/install/examples_rclpy_minimal_action_client:/home/vyom/install/examples_rclpy_guard_conditions:/home/vyom/install/examples_rclpy_executors:/opt/ros/humble LD_LIBRARY_PATH=/home/vyom/microros_ws/install/micro_ros_msgs/lib:/home/vyom/ros2_ws/install/p9n_test/lib:/home/vyom/ros2_ws/install/p9n_node/lib:/home/vyom/ros2_ws/install/p9n_example/lib:/home/vyom/ros2_ws/install/p9n_interface/lib:/home/vyom/install/examples_rclcpp_wait_set/lib:/home/vyom/install/examples_rclcpp_minimal_subscriber/lib:/home/vyom/install/examples_rclcpp_minimal_composition/lib:/usr/lib/x86_64-linux-gnu/gazebo-11/plugins:/opt/ros/humble/opt/rviz_ogre_vendor/lib:/opt/ros/humble/lib/x86_64-linux-gnu:/opt/ros/humble/lib:/usr/share/gazebo/../../lib/x86_64-linux-gnu/gazebo-11/plugins PYTHONPATH=/home/vyom/microros_ws/install/micro_ros_msgs/local/lib/python3.10/dist-packages:${PYTHONPATH} /usr/bin/cmake --build /home/vyom/microros_ws/build/micro_ros_agent -- -j8 -l8
[61.728s] DEBUG:colcon.colcon_core.event_handler.log_command:Invoked command in '/home/vyom/microros_ws/build/micro_ros_agent' returned '0': AMENT_PREFIX_PATH=/home/vyom/microros_ws/install/micro_ros_msgs:${AMENT_PREFIX_PATH} CMAKE_PREFIX_PATH=/home/vyom/microros_ws/install/micro_ros_msgs:/home/vyom/microros_ws/install/micro_ros_setup:/home/vyom/turtlebot3_ws/install/turtlebot3_simulations:/home/vyom/turtlebot3_ws/install/turtlebot3_gazebo:/home/vyom/turtlebot3_ws/install/turtlebot3_fake_node:/home/vyom/ros2_ws/install/p9n:/home/vyom/ros2_ws/install/p9n_test:/home/vyom/ros2_ws/install/p9n_node:/home/vyom/ros2_ws/install/p9n_example:/home/vyom/ros2_ws/install/p9n_interface:/home/vyom/ros2_ws/install/cpp_pubsub:/home/vyom/install/examples_rclcpp_wait_set:/home/vyom/install/examples_rclcpp_multithreaded_executor:/home/vyom/install/examples_rclcpp_minimal_timer:/home/vyom/install/examples_rclcpp_minimal_subscriber:/home/vyom/install/examples_rclcpp_minimal_service:/home/vyom/install/examples_rclcpp_minimal_publisher:/home/vyom/install/examples_rclcpp_minimal_composition:/home/vyom/install/examples_rclcpp_minimal_client:/home/vyom/install/examples_rclcpp_minimal_action_server:/home/vyom/install/examples_rclcpp_minimal_action_client:/home/vyom/install/examples_rclcpp_cbg_executor:/home/vyom/install/examples_rclcpp_async_client:/home/vyom/ros2_ws/install/p9n_bringup:/home/vyom/install/launch_testing_examples:/home/vyom/install/examples_rclpy_pointcloud_publisher:/home/vyom/install/examples_rclpy_minimal_subscriber:/home/vyom/install/examples_rclpy_minimal_service:/home/vyom/install/examples_rclpy_minimal_publisher:/home/vyom/install/examples_rclpy_minimal_client:/home/vyom/install/examples_rclpy_minimal_action_server:/home/vyom/install/examples_rclpy_minimal_action_client:/home/vyom/install/examples_rclpy_guard_conditions:/home/vyom/install/examples_rclpy_executors:/opt/ros/humble LD_LIBRARY_PATH=/home/vyom/microros_ws/install/micro_ros_msgs/lib:/home/vyom/ros2_ws/install/p9n_test/lib:/home/vyom/ros2_ws/install/p9n_node/lib:/home/vyom/ros2_ws/install/p9n_example/lib:/home/vyom/ros2_ws/install/p9n_interface/lib:/home/vyom/install/examples_rclcpp_wait_set/lib:/home/vyom/install/examples_rclcpp_minimal_subscriber/lib:/home/vyom/install/examples_rclcpp_minimal_composition/lib:/usr/lib/x86_64-linux-gnu/gazebo-11/plugins:/opt/ros/humble/opt/rviz_ogre_vendor/lib:/opt/ros/humble/lib/x86_64-linux-gnu:/opt/ros/humble/lib:/usr/share/gazebo/../../lib/x86_64-linux-gnu/gazebo-11/plugins PYTHONPATH=/home/vyom/microros_ws/install/micro_ros_msgs/local/lib/python3.10/dist-packages:${PYTHONPATH} /usr/bin/cmake --build /home/vyom/microros_ws/build/micro_ros_agent -- -j8 -l8
[61.787s] DEBUG:colcon.colcon_core.event_handler.log_command:Invoking command in '/home/vyom/microros_ws/build/micro_ros_agent': AMENT_PREFIX_PATH=/home/vyom/microros_ws/install/micro_ros_msgs:${AMENT_PREFIX_PATH} CMAKE_PREFIX_PATH=/home/vyom/microros_ws/install/micro_ros_msgs:/home/vyom/microros_ws/install/micro_ros_setup:/home/vyom/turtlebot3_ws/install/turtlebot3_simulations:/home/vyom/turtlebot3_ws/install/turtlebot3_gazebo:/home/vyom/turtlebot3_ws/install/turtlebot3_fake_node:/home/vyom/ros2_ws/install/p9n:/home/vyom/ros2_ws/install/p9n_test:/home/vyom/ros2_ws/install/p9n_node:/home/vyom/ros2_ws/install/p9n_example:/home/vyom/ros2_ws/install/p9n_interface:/home/vyom/ros2_ws/install/cpp_pubsub:/home/vyom/install/examples_rclcpp_wait_set:/home/vyom/install/examples_rclcpp_multithreaded_executor:/home/vyom/install/examples_rclcpp_minimal_timer:/home/vyom/install/examples_rclcpp_minimal_subscriber:/home/vyom/install/examples_rclcpp_minimal_service:/home/vyom/install/examples_rclcpp_minimal_publisher:/home/vyom/install/examples_rclcpp_minimal_composition:/home/vyom/install/examples_rclcpp_minimal_client:/home/vyom/install/examples_rclcpp_minimal_action_server:/home/vyom/install/examples_rclcpp_minimal_action_client:/home/vyom/install/examples_rclcpp_cbg_executor:/home/vyom/install/examples_rclcpp_async_client:/home/vyom/ros2_ws/install/p9n_bringup:/home/vyom/install/launch_testing_examples:/home/vyom/install/examples_rclpy_pointcloud_publisher:/home/vyom/install/examples_rclpy_minimal_subscriber:/home/vyom/install/examples_rclpy_minimal_service:/home/vyom/install/examples_rclpy_minimal_publisher:/home/vyom/install/examples_rclpy_minimal_client:/home/vyom/install/examples_rclpy_minimal_action_server:/home/vyom/install/examples_rclpy_minimal_action_client:/home/vyom/install/examples_rclpy_guard_conditions:/home/vyom/install/examples_rclpy_executors:/opt/ros/humble LD_LIBRARY_PATH=/home/vyom/microros_ws/install/micro_ros_msgs/lib:/home/vyom/ros2_ws/install/p9n_test/lib:/home/vyom/ros2_ws/install/p9n_node/lib:/home/vyom/ros2_ws/install/p9n_example/lib:/home/vyom/ros2_ws/install/p9n_interface/lib:/home/vyom/install/examples_rclcpp_wait_set/lib:/home/vyom/install/examples_rclcpp_minimal_subscriber/lib:/home/vyom/install/examples_rclcpp_minimal_composition/lib:/usr/lib/x86_64-linux-gnu/gazebo-11/plugins:/opt/ros/humble/opt/rviz_ogre_vendor/lib:/opt/ros/humble/lib/x86_64-linux-gnu:/opt/ros/humble/lib:/usr/share/gazebo/../../lib/x86_64-linux-gnu/gazebo-11/plugins PYTHONPATH=/home/vyom/microros_ws/install/micro_ros_msgs/local/lib/python3.10/dist-packages:${PYTHONPATH} /usr/bin/cmake --install /home/vyom/microros_ws/build/micro_ros_agent
[61.801s] Level 1:colcon.colcon_core.environment:create_environment_scripts_only(micro_ros_agent)
[61.801s] Level 1:colcon.colcon_core.environment:checking '/home/vyom/microros_ws/install/micro_ros_agent' for CMake module files
[61.802s] DEBUG:colcon.colcon_core.event_handler.log_command:Invoked command in '/home/vyom/microros_ws/build/micro_ros_agent' returned '0': AMENT_PREFIX_PATH=/home/vyom/microros_ws/install/micro_ros_msgs:${AMENT_PREFIX_PATH} CMAKE_PREFIX_PATH=/home/vyom/microros_ws/install/micro_ros_msgs:/home/vyom/microros_ws/install/micro_ros_setup:/home/vyom/turtlebot3_ws/install/turtlebot3_simulations:/home/vyom/turtlebot3_ws/install/turtlebot3_gazebo:/home/vyom/turtlebot3_ws/install/turtlebot3_fake_node:/home/vyom/ros2_ws/install/p9n:/home/vyom/ros2_ws/install/p9n_test:/home/vyom/ros2_ws/install/p9n_node:/home/vyom/ros2_ws/install/p9n_example:/home/vyom/ros2_ws/install/p9n_interface:/home/vyom/ros2_ws/install/cpp_pubsub:/home/vyom/install/examples_rclcpp_wait_set:/home/vyom/install/examples_rclcpp_multithreaded_executor:/home/vyom/install/examples_rclcpp_minimal_timer:/home/vyom/install/examples_rclcpp_minimal_subscriber:/home/vyom/install/examples_rclcpp_minimal_service:/home/vyom/install/examples_rclcpp_minimal_publisher:/home/vyom/install/examples_rclcpp_minimal_composition:/home/vyom/install/examples_rclcpp_minimal_client:/home/vyom/install/examples_rclcpp_minimal_action_server:/home/vyom/install/examples_rclcpp_minimal_action_client:/home/vyom/install/examples_rclcpp_cbg_executor:/home/vyom/install/examples_rclcpp_async_client:/home/vyom/ros2_ws/install/p9n_bringup:/home/vyom/install/launch_testing_examples:/home/vyom/install/examples_rclpy_pointcloud_publisher:/home/vyom/install/examples_rclpy_minimal_subscriber:/home/vyom/install/examples_rclpy_minimal_service:/home/vyom/install/examples_rclpy_minimal_publisher:/home/vyom/install/examples_rclpy_minimal_client:/home/vyom/install/examples_rclpy_minimal_action_server:/home/vyom/install/examples_rclpy_minimal_action_client:/home/vyom/install/examples_rclpy_guard_conditions:/home/vyom/install/examples_rclpy_executors:/opt/ros/humble LD_LIBRARY_PATH=/home/vyom/microros_ws/install/micro_ros_msgs/lib:/home/vyom/ros2_ws/install/p9n_test/lib:/home/vyom/ros2_ws/install/p9n_node/lib:/home/vyom/ros2_ws/install/p9n_example/lib:/home/vyom/ros2_ws/install/p9n_interface/lib:/home/vyom/install/examples_rclcpp_wait_set/lib:/home/vyom/install/examples_rclcpp_minimal_subscriber/lib:/home/vyom/install/examples_rclcpp_minimal_composition/lib:/usr/lib/x86_64-linux-gnu/gazebo-11/plugins:/opt/ros/humble/opt/rviz_ogre_vendor/lib:/opt/ros/humble/lib/x86_64-linux-gnu:/opt/ros/humble/lib:/usr/share/gazebo/../../lib/x86_64-linux-gnu/gazebo-11/plugins PYTHONPATH=/home/vyom/microros_ws/install/micro_ros_msgs/local/lib/python3.10/dist-packages:${PYTHONPATH} /usr/bin/cmake --install /home/vyom/microros_ws/build/micro_ros_agent
[61.802s] Level 1:colcon.colcon_core.environment:checking '/home/vyom/microros_ws/install/micro_ros_agent' for CMake config files
[61.802s] Level 1:colcon.colcon_core.shell:create_environment_hook('micro_ros_agent', 'cmake_prefix_path')
[61.802s] INFO:colcon.colcon_core.shell:Creating environment hook '/home/vyom/microros_ws/install/micro_ros_agent/share/micro_ros_agent/hook/cmake_prefix_path.ps1'
[61.803s] INFO:colcon.colcon_core.shell:Creating environment descriptor '/home/vyom/microros_ws/install/micro_ros_agent/share/micro_ros_agent/hook/cmake_prefix_path.dsv'
[61.803s] INFO:colcon.colcon_core.shell:Creating environment hook '/home/vyom/microros_ws/install/micro_ros_agent/share/micro_ros_agent/hook/cmake_prefix_path.sh'
[61.803s] Level 1:colcon.colcon_core.environment:checking '/home/vyom/microros_ws/install/micro_ros_agent/lib'
[61.804s] Level 1:colcon.colcon_core.shell:create_environment_hook('micro_ros_agent', 'ld_library_path_lib')
[61.804s] INFO:colcon.colcon_core.shell:Creating environment hook '/home/vyom/microros_ws/install/micro_ros_agent/share/micro_ros_agent/hook/ld_library_path_lib.ps1'
[61.804s] INFO:colcon.colcon_core.shell:Creating environment descriptor '/home/vyom/microros_ws/install/micro_ros_agent/share/micro_ros_agent/hook/ld_library_path_lib.dsv'
[61.804s] INFO:colcon.colcon_core.shell:Creating environment hook '/home/vyom/microros_ws/install/micro_ros_agent/share/micro_ros_agent/hook/ld_library_path_lib.sh'
[61.804s] Level 1:colcon.colcon_core.environment:checking '/home/vyom/microros_ws/install/micro_ros_agent/bin'
[61.804s] Level 1:colcon.colcon_core.environment:checking '/home/vyom/microros_ws/install/micro_ros_agent/lib/pkgconfig/micro_ros_agent.pc'
[61.805s] Level 1:colcon.colcon_core.environment:checking '/home/vyom/microros_ws/install/micro_ros_agent/lib/python3.10/site-packages'
[61.805s] Level 1:colcon.colcon_core.environment:checking '/home/vyom/microros_ws/install/micro_ros_agent/bin'
[61.805s] INFO:colcon.colcon_core.shell:Creating package script '/home/vyom/microros_ws/install/micro_ros_agent/share/micro_ros_agent/package.ps1'
[61.805s] INFO:colcon.colcon_core.shell:Creating package descriptor '/home/vyom/microros_ws/install/micro_ros_agent/share/micro_ros_agent/package.dsv'
[61.806s] INFO:colcon.colcon_core.shell:Creating package script '/home/vyom/microros_ws/install/micro_ros_agent/share/micro_ros_agent/package.sh'
[61.806s] INFO:colcon.colcon_core.shell:Creating package script '/home/vyom/microros_ws/install/micro_ros_agent/share/micro_ros_agent/package.bash'
[61.806s] INFO:colcon.colcon_core.shell:Creating package script '/home/vyom/microros_ws/install/micro_ros_agent/share/micro_ros_agent/package.zsh'
[61.806s] Level 1:colcon.colcon_core.environment:create_file_with_runtime_dependencies(/home/vyom/microros_ws/install/micro_ros_agent/share/colcon-core/packages/micro_ros_agent)
[61.870s] Level 1:colcon.colcon_core.environment:create_environment_scripts_only(micro_ros_agent)
[61.870s] Level 1:colcon.colcon_core.environment:checking '/home/vyom/microros_ws/install/micro_ros_agent' for CMake module files
[61.871s] Level 1:colcon.colcon_core.environment:checking '/home/vyom/microros_ws/install/micro_ros_agent' for CMake config files
[61.871s] Level 1:colcon.colcon_core.shell:create_environment_hook('micro_ros_agent', 'cmake_prefix_path')
[61.871s] INFO:colcon.colcon_core.shell:Creating environment hook '/home/vyom/microros_ws/install/micro_ros_agent/share/micro_ros_agent/hook/cmake_prefix_path.ps1'
[61.872s] INFO:colcon.colcon_core.shell:Creating environment descriptor '/home/vyom/microros_ws/install/micro_ros_agent/share/micro_ros_agent/hook/cmake_prefix_path.dsv'
[61.872s] INFO:colcon.colcon_core.shell:Creating environment hook '/home/vyom/microros_ws/install/micro_ros_agent/share/micro_ros_agent/hook/cmake_prefix_path.sh'
[61.872s] Level 1:colcon.colcon_core.environment:checking '/home/vyom/microros_ws/install/micro_ros_agent/lib'
[61.872s] Level 1:colcon.colcon_core.shell:create_environment_hook('micro_ros_agent', 'ld_library_path_lib')
[61.873s] INFO:colcon.colcon_core.shell:Creating environment hook '/home/vyom/microros_ws/install/micro_ros_agent/share/micro_ros_agent/hook/ld_library_path_lib.ps1'
[61.873s] INFO:colcon.colcon_core.shell:Creating environment descriptor '/home/vyom/microros_ws/install/micro_ros_agent/share/micro_ros_agent/hook/ld_library_path_lib.dsv'
[61.873s] INFO:colcon.colcon_core.shell:Creating environment hook '/home/vyom/microros_ws/install/micro_ros_agent/share/micro_ros_agent/hook/ld_library_path_lib.sh'
[61.874s] Level 1:colcon.colcon_core.environment:checking '/home/vyom/microros_ws/install/micro_ros_agent/bin'
[61.874s] Level 1:colcon.colcon_core.environment:checking '/home/vyom/microros_ws/install/micro_ros_agent/lib/pkgconfig/micro_ros_agent.pc'
[61.874s] Level 1:colcon.colcon_core.environment:checking '/home/vyom/microros_ws/install/micro_ros_agent/lib/python3.10/site-packages'
[61.874s] Level 1:colcon.colcon_core.environment:checking '/home/vyom/microros_ws/install/micro_ros_agent/bin'
[61.875s] INFO:colcon.colcon_core.shell:Creating package script '/home/vyom/microros_ws/install/micro_ros_agent/share/micro_ros_agent/package.ps1'
[61.876s] INFO:colcon.colcon_core.shell:Creating package descriptor '/home/vyom/microros_ws/install/micro_ros_agent/share/micro_ros_agent/package.dsv'
[61.876s] INFO:colcon.colcon_core.shell:Creating package script '/home/vyom/microros_ws/install/micro_ros_agent/share/micro_ros_agent/package.sh'
[61.877s] INFO:colcon.colcon_core.shell:Creating package script '/home/vyom/microros_ws/install/micro_ros_agent/share/micro_ros_agent/package.bash'
[61.877s] INFO:colcon.colcon_core.shell:Creating package script '/home/vyom/microros_ws/install/micro_ros_agent/share/micro_ros_agent/package.zsh'
[61.878s] Level 1:colcon.colcon_core.environment:create_file_with_runtime_dependencies(/home/vyom/microros_ws/install/micro_ros_agent/share/colcon-core/packages/micro_ros_agent)
[61.878s] DEBUG:colcon.colcon_parallel_executor.executor.parallel:closing loop
[61.878s] DEBUG:colcon.colcon_parallel_executor.executor.parallel:loop closed
[61.879s] DEBUG:colcon.colcon_parallel_executor.executor.parallel:run_until_complete finished with '0'
[61.879s] DEBUG:colcon.colcon_core.event_reactor:joining thread
[61.887s] INFO:colcon.colcon_core.plugin_system:Skipping extension 'colcon_notification.desktop_notification.terminal_notifier': Not used on non-Darwin systems
[61.887s] INFO:colcon.colcon_core.plugin_system:Skipping extension 'colcon_notification.desktop_notification.win32': Not used on non-Windows systems
[61.887s] INFO:colcon.colcon_notification.desktop_notification:Sending desktop notification using 'notify2'
[61.898s] DEBUG:colcon.colcon_core.event_reactor:joined thread
[61.898s] INFO:colcon.colcon_core.shell:Creating prefix script '/home/vyom/microros_ws/install/local_setup.ps1'
[61.899s] INFO:colcon.colcon_core.shell:Creating prefix util module '/home/vyom/microros_ws/install/_local_setup_util_ps1.py'
[61.901s] INFO:colcon.colcon_core.shell:Creating prefix chain script '/home/vyom/microros_ws/install/setup.ps1'
[61.904s] INFO:colcon.colcon_core.shell:Creating prefix script '/home/vyom/microros_ws/install/local_setup.sh'
[61.905s] INFO:colcon.colcon_core.shell:Creating prefix util module '/home/vyom/microros_ws/install/_local_setup_util_sh.py'
[61.905s] INFO:colcon.colcon_core.shell:Creating prefix chain script '/home/vyom/microros_ws/install/setup.sh'
[61.907s] INFO:colcon.colcon_core.shell:Creating prefix script '/home/vyom/microros_ws/install/local_setup.bash'
[61.907s] INFO:colcon.colcon_core.shell:Creating prefix chain script '/home/vyom/microros_ws/install/setup.bash'
[61.909s] INFO:colcon.colcon_core.shell:Creating prefix script '/home/vyom/microros_ws/install/local_setup.zsh'
[61.909s] INFO:colcon.colcon_core.shell:Creating prefix chain script '/home/vyom/microros_ws/install/setup.zsh'
