[0.011s] Invoking command in '/home/vyom/microros_ws/build/micro_ros_msgs': CMAKE_PREFIX_PATH=${CMAKE_PREFIX_PATH}:/home/vyom/ros2_ws/install/p9n_bringup:/home/vyom/install/launch_testing_examples:/home/vyom/install/examples_rclpy_pointcloud_publisher:/home/vyom/install/examples_rclpy_minimal_subscriber:/home/vyom/install/examples_rclpy_minimal_service:/home/vyom/install/examples_rclpy_minimal_publisher:/home/vyom/install/examples_rclpy_minimal_client:/home/vyom/install/examples_rclpy_minimal_action_server:/home/vyom/install/examples_rclpy_minimal_action_client:/home/vyom/install/examples_rclpy_guard_conditions:/home/vyom/install/examples_rclpy_executors:/opt/ros/humble /usr/bin/cmake /home/vyom/microros_ws/src/uros/micro_ros_msgs -DUAGENT_BUILD_EXECUTABLE=OFF -DUAGENT_P2P_PROFILE=OFF --no-warn-unused-cli -DCMAKE_INSTALL_PREFIX=/home/vyom/microros_ws/install/micro_ros_msgs
[0.022s] Not searching for unused variables given on the command line.
[0.072s] -- The C compiler identification is GNU 11.4.0
[0.133s] -- The CXX compiler identification is GNU 11.4.0
[0.143s] -- Detecting C compiler ABI info
[0.220s] -- Detecting C compiler ABI info - done
[0.228s] -- Check for working C compiler: /usr/bin/cc - skipped
[0.228s] -- Detecting C compile features
[0.229s] -- Detecting C compile features - done
[0.232s] -- Detecting CXX compiler ABI info
[0.320s] -- Detecting CXX compiler ABI info - done
[0.329s] -- Check for working CXX compiler: /usr/bin/c++ - skipped
[0.329s] -- Detecting CXX compile features
[0.329s] -- Detecting CXX compile features - done
[0.334s] -- Found ament_cmake: 1.3.8 (/opt/ros/humble/share/ament_cmake/cmake)
[0.515s] -- Found Python3: /usr/bin/python3 (found version "3.10.12") found components: Interpreter 
[0.648s] -- Found rosidl_default_generators: 1.2.0 (/opt/ros/humble/share/rosidl_default_generators/cmake)
[0.660s] -- Using all available rosidl_typesupport_c: rosidl_typesupport_fastrtps_c;rosidl_typesupport_introspection_c
[0.676s] -- Found rosidl_adapter: 3.1.5 (/opt/ros/humble/share/rosidl_adapter/cmake)
[0.754s] -- Using all available rosidl_typesupport_cpp: rosidl_typesupport_fastrtps_cpp;rosidl_typesupport_introspection_cpp
[0.819s] -- Found ament_lint_auto: 0.12.10 (/opt/ros/humble/share/ament_lint_auto/cmake)
[1.148s] -- Found ament_cmake_ros: 0.10.0 (/opt/ros/humble/share/ament_cmake_ros/cmake)
[1.355s] -- Using all available rosidl_typesupport_c: rosidl_typesupport_fastrtps_c;rosidl_typesupport_introspection_c
[1.611s] -- Using all available rosidl_typesupport_cpp: rosidl_typesupport_fastrtps_cpp;rosidl_typesupport_introspection_cpp
[1.637s] -- Found PythonInterp: /usr/bin/python3 (found suitable version "3.10.12", minimum required is "3.6") 
[1.644s] -- Found python_cmake_module: 0.10.0 (/opt/ros/humble/share/python_cmake_module/cmake)
[1.677s] -- Found PythonLibs: /usr/lib/x86_64-linux-gnu/libpython3.10.so (found suitable version "3.10.12", minimum required is "3.5") 
[1.677s] -- Using PYTHON_EXECUTABLE: /usr/bin/python3
[1.677s] -- Using PYTHON_INCLUDE_DIRS: /usr/include/python3.10
[1.677s] -- Using PYTHON_LIBRARIES: /usr/lib/x86_64-linux-gnu/libpython3.10.so
[1.700s] -- Found PythonExtra: .so  
[1.749s] -- Added test 'copyright' to check source files copyright and LICENSE
[1.754s] -- Added test 'lint_cmake' to check CMake code style
[1.759s] -- Added test 'xmllint' to check XML markup files
[1.765s] -- Configuring done
[1.792s] -- Generating done
[1.794s] -- Build files have been written to: /home/vyom/microros_ws/build/micro_ros_msgs
[1.799s] Invoked command in '/home/vyom/microros_ws/build/micro_ros_msgs' returned '0': CMAKE_PREFIX_PATH=${CMAKE_PREFIX_PATH}:/home/vyom/ros2_ws/install/p9n_bringup:/home/vyom/install/launch_testing_examples:/home/vyom/install/examples_rclpy_pointcloud_publisher:/home/vyom/install/examples_rclpy_minimal_subscriber:/home/vyom/install/examples_rclpy_minimal_service:/home/vyom/install/examples_rclpy_minimal_publisher:/home/vyom/install/examples_rclpy_minimal_client:/home/vyom/install/examples_rclpy_minimal_action_server:/home/vyom/install/examples_rclpy_minimal_action_client:/home/vyom/install/examples_rclpy_guard_conditions:/home/vyom/install/examples_rclpy_executors:/opt/ros/humble /usr/bin/cmake /home/vyom/microros_ws/src/uros/micro_ros_msgs -DUAGENT_BUILD_EXECUTABLE=OFF -DUAGENT_P2P_PROFILE=OFF --no-warn-unused-cli -DCMAKE_INSTALL_PREFIX=/home/vyom/microros_ws/install/micro_ros_msgs
[1.801s] Invoking command in '/home/vyom/microros_ws/build/micro_ros_msgs': CMAKE_PREFIX_PATH=${CMAKE_PREFIX_PATH}:/home/vyom/ros2_ws/install/p9n_bringup:/home/vyom/install/launch_testing_examples:/home/vyom/install/examples_rclpy_pointcloud_publisher:/home/vyom/install/examples_rclpy_minimal_subscriber:/home/vyom/install/examples_rclpy_minimal_service:/home/vyom/install/examples_rclpy_minimal_publisher:/home/vyom/install/examples_rclpy_minimal_client:/home/vyom/install/examples_rclpy_minimal_action_server:/home/vyom/install/examples_rclpy_minimal_action_client:/home/vyom/install/examples_rclpy_guard_conditions:/home/vyom/install/examples_rclpy_executors:/opt/ros/humble /usr/bin/cmake --build /home/vyom/microros_ws/build/micro_ros_msgs -- -j8 -l8
[1.845s] [  2%] [34m[1mGenerating C code for ROS interfaces[0m
[1.856s] [  4%] [34m[1mGenerating C++ code for ROS interfaces[0m
[1.867s] [  4%] Built target ament_cmake_python_copy_micro_ros_msgs
[2.168s] running egg_info
[2.169s] creating micro_ros_msgs.egg-info
[2.169s] writing micro_ros_msgs.egg-info/PKG-INFO
[2.170s] writing dependency_links to micro_ros_msgs.egg-info/dependency_links.txt
[2.170s] writing top-level names to micro_ros_msgs.egg-info/top_level.txt
[2.170s] writing manifest file 'micro_ros_msgs.egg-info/SOURCES.txt'
[2.174s] reading manifest file 'micro_ros_msgs.egg-info/SOURCES.txt'
[2.174s] writing manifest file 'micro_ros_msgs.egg-info/SOURCES.txt'
[2.208s] [  4%] Built target ament_cmake_python_build_micro_ros_msgs_egg
[2.335s] [  4%] Built target micro_ros_msgs__cpp
[2.339s] [  6%] [32mBuilding C object CMakeFiles/micro_ros_msgs__rosidl_generator_c.dir/rosidl_generator_c/micro_ros_msgs/msg/detail/node__functions.c.o[0m
[2.341s] [  8%] [32mBuilding C object CMakeFiles/micro_ros_msgs__rosidl_generator_c.dir/rosidl_generator_c/micro_ros_msgs/msg/detail/graph__functions.c.o[0m
[2.342s] [ 10%] [32mBuilding C object CMakeFiles/micro_ros_msgs__rosidl_generator_c.dir/rosidl_generator_c/micro_ros_msgs/msg/detail/entity__functions.c.o[0m
[2.353s] [ 12%] [34m[1mGenerating C++ type support dispatch for ROS interfaces[0m
[2.353s] [ 14%] [34m[1mGenerating C++ type support for eProsima Fast-RTPS[0m
[2.353s] [ 17%] [34m[1mGenerating C++ introspection for ROS interfaces[0m
[2.436s] [ 19%] [32m[1mLinking C shared library libmicro_ros_msgs__rosidl_generator_c.so[0m
[2.483s] [ 19%] Built target micro_ros_msgs__rosidl_generator_c
[2.500s] [ 25%] [34m[1mGenerating C type support dispatch for ROS interfaces[0m
[2.501s] [ 25%] [34m[1mGenerating C introspection for ROS interfaces[0m
[2.501s] [ 25%] [34m[1mGenerating C type support for eProsima Fast-RTPS[0m
[2.913s] [ 27%] [32mBuilding CXX object CMakeFiles/micro_ros_msgs__rosidl_typesupport_introspection_cpp.dir/rosidl_typesupport_introspection_cpp/micro_ros_msgs/msg/detail/node__type_support.cpp.o[0m
[2.918s] [ 29%] [32mBuilding CXX object CMakeFiles/micro_ros_msgs__rosidl_typesupport_introspection_cpp.dir/rosidl_typesupport_introspection_cpp/micro_ros_msgs/msg/detail/entity__type_support.cpp.o[0m
[2.924s] [ 31%] [32mBuilding CXX object CMakeFiles/micro_ros_msgs__rosidl_typesupport_introspection_cpp.dir/rosidl_typesupport_introspection_cpp/micro_ros_msgs/msg/detail/graph__type_support.cpp.o[0m
[2.991s] [ 34%] [32mBuilding CXX object CMakeFiles/micro_ros_msgs__rosidl_typesupport_cpp.dir/rosidl_typesupport_cpp/micro_ros_msgs/msg/graph__type_support.cpp.o[0m
[3.190s] [ 36%] [32mBuilding CXX object CMakeFiles/micro_ros_msgs__rosidl_typesupport_c.dir/rosidl_typesupport_c/micro_ros_msgs/msg/graph__type_support.cpp.o[0m
[3.250s] [ 38%] [32mBuilding CXX object CMakeFiles/micro_ros_msgs__rosidl_typesupport_c.dir/rosidl_typesupport_c/micro_ros_msgs/msg/node__type_support.cpp.o[0m
[3.253s] [ 40%] [32mBuilding CXX object CMakeFiles/micro_ros_msgs__rosidl_typesupport_fastrtps_cpp.dir/rosidl_typesupport_fastrtps_cpp/micro_ros_msgs/msg/detail/dds_fastrtps/graph__type_support.cpp.o[0m
[3.308s] [ 42%] [32mBuilding CXX object CMakeFiles/micro_ros_msgs__rosidl_typesupport_c.dir/rosidl_typesupport_c/micro_ros_msgs/msg/entity__type_support.cpp.o[0m
[3.324s] [ 44%] [32mBuilding C object CMakeFiles/micro_ros_msgs__rosidl_typesupport_introspection_c.dir/rosidl_typesupport_introspection_c/micro_ros_msgs/msg/detail/graph__type_support.c.o[0m
[3.332s] [ 46%] [32mBuilding CXX object CMakeFiles/micro_ros_msgs__rosidl_typesupport_fastrtps_c.dir/rosidl_typesupport_fastrtps_c/micro_ros_msgs/msg/detail/graph__type_support_c.cpp.o[0m
[3.399s] [ 48%] [32mBuilding C object CMakeFiles/micro_ros_msgs__rosidl_typesupport_introspection_c.dir/rosidl_typesupport_introspection_c/micro_ros_msgs/msg/detail/node__type_support.c.o[0m
[3.401s] [ 51%] [32m[1mLinking CXX shared library libmicro_ros_msgs__rosidl_typesupport_c.so[0m
[3.526s] [ 53%] [32mBuilding C object CMakeFiles/micro_ros_msgs__rosidl_typesupport_introspection_c.dir/rosidl_typesupport_introspection_c/micro_ros_msgs/msg/detail/entity__type_support.c.o[0m
[3.542s] [ 53%] Built target micro_ros_msgs__rosidl_typesupport_c
[3.567s] [ 55%] [32mBuilding CXX object CMakeFiles/micro_ros_msgs__rosidl_typesupport_fastrtps_c.dir/rosidl_typesupport_fastrtps_c/micro_ros_msgs/msg/detail/node__type_support_c.cpp.o[0m
[3.708s] [ 57%] [32m[1mLinking C shared library libmicro_ros_msgs__rosidl_typesupport_introspection_c.so[0m
[3.766s] [ 59%] [32mBuilding CXX object CMakeFiles/micro_ros_msgs__rosidl_typesupport_cpp.dir/rosidl_typesupport_cpp/micro_ros_msgs/msg/node__type_support.cpp.o[0m
[3.812s] [ 59%] Built target micro_ros_msgs__rosidl_typesupport_introspection_c
[3.835s] [ 61%] [32mBuilding CXX object CMakeFiles/micro_ros_msgs__rosidl_typesupport_cpp.dir/rosidl_typesupport_cpp/micro_ros_msgs/msg/entity__type_support.cpp.o[0m
[3.967s] [ 63%] [32mBuilding CXX object CMakeFiles/micro_ros_msgs__rosidl_typesupport_fastrtps_cpp.dir/rosidl_typesupport_fastrtps_cpp/micro_ros_msgs/msg/detail/dds_fastrtps/node__type_support.cpp.o[0m
[4.079s] [ 65%] [32mBuilding CXX object CMakeFiles/micro_ros_msgs__rosidl_typesupport_fastrtps_cpp.dir/rosidl_typesupport_fastrtps_cpp/micro_ros_msgs/msg/detail/dds_fastrtps/entity__type_support.cpp.o[0m
[4.221s] [ 68%] [32mBuilding CXX object CMakeFiles/micro_ros_msgs__rosidl_typesupport_fastrtps_c.dir/rosidl_typesupport_fastrtps_c/micro_ros_msgs/msg/detail/entity__type_support_c.cpp.o[0m
[4.379s] [ 70%] [32m[1mLinking CXX shared library libmicro_ros_msgs__rosidl_typesupport_introspection_cpp.so[0m
[4.494s] [ 72%] [32m[1mLinking CXX shared library libmicro_ros_msgs__rosidl_typesupport_cpp.so[0m
[4.560s] [ 72%] Built target micro_ros_msgs__rosidl_typesupport_introspection_cpp
[4.574s] [ 72%] Built target micro_ros_msgs__rosidl_typesupport_cpp
[4.776s] [ 74%] [32m[1mLinking CXX shared library libmicro_ros_msgs__rosidl_typesupport_fastrtps_c.so[0m
[4.870s] [ 74%] Built target micro_ros_msgs__rosidl_typesupport_fastrtps_c
[4.969s] [ 76%] [32m[1mLinking CXX shared library libmicro_ros_msgs__rosidl_typesupport_fastrtps_cpp.so[0m
[5.052s] [ 76%] Built target micro_ros_msgs__rosidl_typesupport_fastrtps_cpp
[5.074s] [ 76%] Built target micro_ros_msgs
[5.097s] [ 78%] [34m[1mGenerating Python code for ROS interfaces[0m
[5.637s] [ 78%] Built target micro_ros_msgs__py
[5.659s] [ 85%] [32mBuilding C object CMakeFiles/micro_ros_msgs__rosidl_generator_py.dir/rosidl_generator_py/micro_ros_msgs/msg/_node_s.c.o[0m
[5.659s] [ 85%] [32mBuilding C object CMakeFiles/micro_ros_msgs__rosidl_generator_py.dir/rosidl_generator_py/micro_ros_msgs/msg/_graph_s.c.o[0m
[5.659s] [ 85%] [32mBuilding C object CMakeFiles/micro_ros_msgs__rosidl_generator_py.dir/rosidl_generator_py/micro_ros_msgs/msg/_entity_s.c.o[0m
[5.794s] [ 87%] [32m[1mLinking C shared library rosidl_generator_py/micro_ros_msgs/libmicro_ros_msgs__rosidl_generator_py.so[0m
[5.840s] [ 87%] Built target micro_ros_msgs__rosidl_generator_py
[5.862s] [ 93%] [32mBuilding C object CMakeFiles/micro_ros_msgs__rosidl_typesupport_fastrtps_c__pyext.dir/rosidl_generator_py/micro_ros_msgs/_micro_ros_msgs_s.ep.rosidl_typesupport_fastrtps_c.c.o[0m
[5.862s] [ 93%] [32mBuilding C object CMakeFiles/micro_ros_msgs__rosidl_typesupport_c__pyext.dir/rosidl_generator_py/micro_ros_msgs/_micro_ros_msgs_s.ep.rosidl_typesupport_c.c.o[0m
[5.863s] [ 93%] [32mBuilding C object CMakeFiles/micro_ros_msgs__rosidl_typesupport_introspection_c__pyext.dir/rosidl_generator_py/micro_ros_msgs/_micro_ros_msgs_s.ep.rosidl_typesupport_introspection_c.c.o[0m
[5.953s] [ 97%] [32m[1mLinking C shared library rosidl_generator_py/micro_ros_msgs/micro_ros_msgs_s__rosidl_typesupport_introspection_c.cpython-310-x86_64-linux-gnu.so[0m
[5.953s] [ 97%] [32m[1mLinking C shared library rosidl_generator_py/micro_ros_msgs/micro_ros_msgs_s__rosidl_typesupport_c.cpython-310-x86_64-linux-gnu.so[0m
[5.956s] [100%] [32m[1mLinking C shared library rosidl_generator_py/micro_ros_msgs/micro_ros_msgs_s__rosidl_typesupport_fastrtps_c.cpython-310-x86_64-linux-gnu.so[0m
[5.988s] [100%] Built target micro_ros_msgs__rosidl_typesupport_introspection_c__pyext
[5.988s] [100%] Built target micro_ros_msgs__rosidl_typesupport_c__pyext
[5.991s] [100%] Built target micro_ros_msgs__rosidl_typesupport_fastrtps_c__pyext
[6.001s] Invoked command in '/home/vyom/microros_ws/build/micro_ros_msgs' returned '0': CMAKE_PREFIX_PATH=${CMAKE_PREFIX_PATH}:/home/vyom/ros2_ws/install/p9n_bringup:/home/vyom/install/launch_testing_examples:/home/vyom/install/examples_rclpy_pointcloud_publisher:/home/vyom/install/examples_rclpy_minimal_subscriber:/home/vyom/install/examples_rclpy_minimal_service:/home/vyom/install/examples_rclpy_minimal_publisher:/home/vyom/install/examples_rclpy_minimal_client:/home/vyom/install/examples_rclpy_minimal_action_server:/home/vyom/install/examples_rclpy_minimal_action_client:/home/vyom/install/examples_rclpy_guard_conditions:/home/vyom/install/examples_rclpy_executors:/opt/ros/humble /usr/bin/cmake --build /home/vyom/microros_ws/build/micro_ros_msgs -- -j8 -l8
[6.144s] Invoking command in '/home/vyom/microros_ws/build/micro_ros_msgs': CMAKE_PREFIX_PATH=${CMAKE_PREFIX_PATH}:/home/vyom/ros2_ws/install/p9n_bringup:/home/vyom/install/launch_testing_examples:/home/vyom/install/examples_rclpy_pointcloud_publisher:/home/vyom/install/examples_rclpy_minimal_subscriber:/home/vyom/install/examples_rclpy_minimal_service:/home/vyom/install/examples_rclpy_minimal_publisher:/home/vyom/install/examples_rclpy_minimal_client:/home/vyom/install/examples_rclpy_minimal_action_server:/home/vyom/install/examples_rclpy_minimal_action_client:/home/vyom/install/examples_rclpy_guard_conditions:/home/vyom/install/examples_rclpy_executors:/opt/ros/humble /usr/bin/cmake --install /home/vyom/microros_ws/build/micro_ros_msgs
[6.152s] -- Install configuration: ""
[6.152s] -- Installing: /home/vyom/microros_ws/install/micro_ros_msgs/share/ament_index/resource_index/rosidl_interfaces/micro_ros_msgs
[6.152s] -- Installing: /home/vyom/microros_ws/install/micro_ros_msgs/include/micro_ros_msgs/micro_ros_msgs
[6.152s] -- Installing: /home/vyom/microros_ws/install/micro_ros_msgs/include/micro_ros_msgs/micro_ros_msgs/msg
[6.152s] -- Installing: /home/vyom/microros_ws/install/micro_ros_msgs/include/micro_ros_msgs/micro_ros_msgs/msg/graph.h
[6.152s] -- Installing: /home/vyom/microros_ws/install/micro_ros_msgs/include/micro_ros_msgs/micro_ros_msgs/msg/entity.h
[6.153s] -- Installing: /home/vyom/microros_ws/install/micro_ros_msgs/include/micro_ros_msgs/micro_ros_msgs/msg/detail
[6.153s] -- Installing: /home/vyom/microros_ws/install/micro_ros_msgs/include/micro_ros_msgs/micro_ros_msgs/msg/detail/entity__functions.c
[6.153s] -- Installing: /home/vyom/microros_ws/install/micro_ros_msgs/include/micro_ros_msgs/micro_ros_msgs/msg/detail/node__functions.h
[6.153s] -- Installing: /home/vyom/microros_ws/install/micro_ros_msgs/include/micro_ros_msgs/micro_ros_msgs/msg/detail/graph__functions.h
[6.153s] -- Installing: /home/vyom/microros_ws/install/micro_ros_msgs/include/micro_ros_msgs/micro_ros_msgs/msg/detail/entity__struct.h
[6.153s] -- Installing: /home/vyom/microros_ws/install/micro_ros_msgs/include/micro_ros_msgs/micro_ros_msgs/msg/detail/graph__type_support.h
[6.153s] -- Installing: /home/vyom/microros_ws/install/micro_ros_msgs/include/micro_ros_msgs/micro_ros_msgs/msg/detail/node__functions.c
[6.153s] -- Installing: /home/vyom/microros_ws/install/micro_ros_msgs/include/micro_ros_msgs/micro_ros_msgs/msg/detail/entity__type_support.h
[6.153s] -- Installing: /home/vyom/microros_ws/install/micro_ros_msgs/include/micro_ros_msgs/micro_ros_msgs/msg/detail/node__struct.h
[6.153s] -- Installing: /home/vyom/microros_ws/install/micro_ros_msgs/include/micro_ros_msgs/micro_ros_msgs/msg/detail/node__type_support.h
[6.153s] -- Installing: /home/vyom/microros_ws/install/micro_ros_msgs/include/micro_ros_msgs/micro_ros_msgs/msg/detail/graph__functions.c
[6.153s] -- Installing: /home/vyom/microros_ws/install/micro_ros_msgs/include/micro_ros_msgs/micro_ros_msgs/msg/detail/graph__struct.h
[6.153s] -- Installing: /home/vyom/microros_ws/install/micro_ros_msgs/include/micro_ros_msgs/micro_ros_msgs/msg/detail/entity__functions.h
[6.153s] -- Installing: /home/vyom/microros_ws/install/micro_ros_msgs/include/micro_ros_msgs/micro_ros_msgs/msg/node.h
[6.154s] -- Installing: /home/vyom/microros_ws/install/micro_ros_msgs/include/micro_ros_msgs/micro_ros_msgs/msg/rosidl_generator_c__visibility_control.h
[6.154s] -- Installing: /home/vyom/microros_ws/install/micro_ros_msgs/share/micro_ros_msgs/environment/library_path.sh
[6.154s] -- Installing: /home/vyom/microros_ws/install/micro_ros_msgs/share/micro_ros_msgs/environment/library_path.dsv
[6.154s] -- Installing: /home/vyom/microros_ws/install/micro_ros_msgs/lib/libmicro_ros_msgs__rosidl_generator_c.so
[6.154s] -- Set runtime path of "/home/vyom/microros_ws/install/micro_ros_msgs/lib/libmicro_ros_msgs__rosidl_generator_c.so" to ""
[6.154s] -- Up-to-date: /home/vyom/microros_ws/install/micro_ros_msgs/include/micro_ros_msgs/micro_ros_msgs
[6.154s] -- Up-to-date: /home/vyom/microros_ws/install/micro_ros_msgs/include/micro_ros_msgs/micro_ros_msgs/msg
[6.155s] -- Up-to-date: /home/vyom/microros_ws/install/micro_ros_msgs/include/micro_ros_msgs/micro_ros_msgs/msg/detail
[6.155s] -- Installing: /home/vyom/microros_ws/install/micro_ros_msgs/include/micro_ros_msgs/micro_ros_msgs/msg/detail/entity__rosidl_typesupport_fastrtps_c.h
[6.155s] -- Installing: /home/vyom/microros_ws/install/micro_ros_msgs/include/micro_ros_msgs/micro_ros_msgs/msg/detail/graph__rosidl_typesupport_fastrtps_c.h
[6.155s] -- Installing: /home/vyom/microros_ws/install/micro_ros_msgs/include/micro_ros_msgs/micro_ros_msgs/msg/detail/node__rosidl_typesupport_fastrtps_c.h
[6.155s] -- Installing: /home/vyom/microros_ws/install/micro_ros_msgs/include/micro_ros_msgs/micro_ros_msgs/msg/rosidl_typesupport_fastrtps_c__visibility_control.h
[6.155s] -- Installing: /home/vyom/microros_ws/install/micro_ros_msgs/lib/libmicro_ros_msgs__rosidl_typesupport_fastrtps_c.so
[6.155s] -- Set runtime path of "/home/vyom/microros_ws/install/micro_ros_msgs/lib/libmicro_ros_msgs__rosidl_typesupport_fastrtps_c.so" to ""
[6.155s] -- Up-to-date: /home/vyom/microros_ws/install/micro_ros_msgs/include/micro_ros_msgs/micro_ros_msgs
[6.155s] -- Up-to-date: /home/vyom/microros_ws/install/micro_ros_msgs/include/micro_ros_msgs/micro_ros_msgs/msg
[6.155s] -- Up-to-date: /home/vyom/microros_ws/install/micro_ros_msgs/include/micro_ros_msgs/micro_ros_msgs/msg/detail
[6.155s] -- Installing: /home/vyom/microros_ws/install/micro_ros_msgs/include/micro_ros_msgs/micro_ros_msgs/msg/detail/graph__type_support.c
[6.155s] -- Installing: /home/vyom/microros_ws/install/micro_ros_msgs/include/micro_ros_msgs/micro_ros_msgs/msg/detail/entity__type_support.c
[6.156s] -- Installing: /home/vyom/microros_ws/install/micro_ros_msgs/include/micro_ros_msgs/micro_ros_msgs/msg/detail/entity__rosidl_typesupport_introspection_c.h
[6.156s] -- Installing: /home/vyom/microros_ws/install/micro_ros_msgs/include/micro_ros_msgs/micro_ros_msgs/msg/detail/graph__rosidl_typesupport_introspection_c.h
[6.156s] -- Installing: /home/vyom/microros_ws/install/micro_ros_msgs/include/micro_ros_msgs/micro_ros_msgs/msg/detail/node__type_support.c
[6.156s] -- Installing: /home/vyom/microros_ws/install/micro_ros_msgs/include/micro_ros_msgs/micro_ros_msgs/msg/detail/node__rosidl_typesupport_introspection_c.h
[6.156s] -- Installing: /home/vyom/microros_ws/install/micro_ros_msgs/include/micro_ros_msgs/micro_ros_msgs/msg/rosidl_typesupport_introspection_c__visibility_control.h
[6.156s] -- Installing: /home/vyom/microros_ws/install/micro_ros_msgs/lib/libmicro_ros_msgs__rosidl_typesupport_introspection_c.so
[6.156s] -- Set runtime path of "/home/vyom/microros_ws/install/micro_ros_msgs/lib/libmicro_ros_msgs__rosidl_typesupport_introspection_c.so" to ""
[6.156s] -- Installing: /home/vyom/microros_ws/install/micro_ros_msgs/lib/libmicro_ros_msgs__rosidl_typesupport_c.so
[6.156s] -- Set runtime path of "/home/vyom/microros_ws/install/micro_ros_msgs/lib/libmicro_ros_msgs__rosidl_typesupport_c.so" to ""
[6.156s] -- Up-to-date: /home/vyom/microros_ws/install/micro_ros_msgs/include/micro_ros_msgs/micro_ros_msgs
[6.156s] -- Up-to-date: /home/vyom/microros_ws/install/micro_ros_msgs/include/micro_ros_msgs/micro_ros_msgs/msg
[6.157s] -- Up-to-date: /home/vyom/microros_ws/install/micro_ros_msgs/include/micro_ros_msgs/micro_ros_msgs/msg/detail
[6.157s] -- Installing: /home/vyom/microros_ws/install/micro_ros_msgs/include/micro_ros_msgs/micro_ros_msgs/msg/detail/entity__struct.hpp
[6.157s] -- Installing: /home/vyom/microros_ws/install/micro_ros_msgs/include/micro_ros_msgs/micro_ros_msgs/msg/detail/node__traits.hpp
[6.157s] -- Installing: /home/vyom/microros_ws/install/micro_ros_msgs/include/micro_ros_msgs/micro_ros_msgs/msg/detail/graph__builder.hpp
[6.157s] -- Installing: /home/vyom/microros_ws/install/micro_ros_msgs/include/micro_ros_msgs/micro_ros_msgs/msg/detail/node__struct.hpp
[6.157s] -- Installing: /home/vyom/microros_ws/install/micro_ros_msgs/include/micro_ros_msgs/micro_ros_msgs/msg/detail/entity__builder.hpp
[6.157s] -- Installing: /home/vyom/microros_ws/install/micro_ros_msgs/include/micro_ros_msgs/micro_ros_msgs/msg/detail/graph__traits.hpp
[6.157s] -- Installing: /home/vyom/microros_ws/install/micro_ros_msgs/include/micro_ros_msgs/micro_ros_msgs/msg/detail/entity__traits.hpp
[6.157s] -- Installing: /home/vyom/microros_ws/install/micro_ros_msgs/include/micro_ros_msgs/micro_ros_msgs/msg/detail/node__builder.hpp
[6.157s] -- Installing: /home/vyom/microros_ws/install/micro_ros_msgs/include/micro_ros_msgs/micro_ros_msgs/msg/detail/graph__struct.hpp
[6.157s] -- Installing: /home/vyom/microros_ws/install/micro_ros_msgs/include/micro_ros_msgs/micro_ros_msgs/msg/node.hpp
[6.157s] -- Installing: /home/vyom/microros_ws/install/micro_ros_msgs/include/micro_ros_msgs/micro_ros_msgs/msg/graph.hpp
[6.157s] -- Installing: /home/vyom/microros_ws/install/micro_ros_msgs/include/micro_ros_msgs/micro_ros_msgs/msg/entity.hpp
[6.157s] -- Up-to-date: /home/vyom/microros_ws/install/micro_ros_msgs/include/micro_ros_msgs/micro_ros_msgs
[6.158s] -- Up-to-date: /home/vyom/microros_ws/install/micro_ros_msgs/include/micro_ros_msgs/micro_ros_msgs/msg
[6.158s] -- Installing: /home/vyom/microros_ws/install/micro_ros_msgs/include/micro_ros_msgs/micro_ros_msgs/msg/rosidl_typesupport_fastrtps_cpp__visibility_control.h
[6.158s] -- Up-to-date: /home/vyom/microros_ws/install/micro_ros_msgs/include/micro_ros_msgs/micro_ros_msgs/msg/detail
[6.158s] -- Installing: /home/vyom/microros_ws/install/micro_ros_msgs/include/micro_ros_msgs/micro_ros_msgs/msg/detail/node__rosidl_typesupport_fastrtps_cpp.hpp
[6.158s] -- Installing: /home/vyom/microros_ws/install/micro_ros_msgs/include/micro_ros_msgs/micro_ros_msgs/msg/detail/entity__rosidl_typesupport_fastrtps_cpp.hpp
[6.158s] -- Installing: /home/vyom/microros_ws/install/micro_ros_msgs/include/micro_ros_msgs/micro_ros_msgs/msg/detail/dds_fastrtps
[6.159s] -- Installing: /home/vyom/microros_ws/install/micro_ros_msgs/include/micro_ros_msgs/micro_ros_msgs/msg/detail/graph__rosidl_typesupport_fastrtps_cpp.hpp
[6.159s] -- Installing: /home/vyom/microros_ws/install/micro_ros_msgs/lib/libmicro_ros_msgs__rosidl_typesupport_fastrtps_cpp.so
[6.159s] -- Set runtime path of "/home/vyom/microros_ws/install/micro_ros_msgs/lib/libmicro_ros_msgs__rosidl_typesupport_fastrtps_cpp.so" to ""
[6.159s] -- Up-to-date: /home/vyom/microros_ws/install/micro_ros_msgs/include/micro_ros_msgs/micro_ros_msgs
[6.159s] -- Up-to-date: /home/vyom/microros_ws/install/micro_ros_msgs/include/micro_ros_msgs/micro_ros_msgs/msg
[6.159s] -- Up-to-date: /home/vyom/microros_ws/install/micro_ros_msgs/include/micro_ros_msgs/micro_ros_msgs/msg/detail
[6.159s] -- Installing: /home/vyom/microros_ws/install/micro_ros_msgs/include/micro_ros_msgs/micro_ros_msgs/msg/detail/graph__rosidl_typesupport_introspection_cpp.hpp
[6.159s] -- Installing: /home/vyom/microros_ws/install/micro_ros_msgs/include/micro_ros_msgs/micro_ros_msgs/msg/detail/node__rosidl_typesupport_introspection_cpp.hpp
[6.159s] -- Installing: /home/vyom/microros_ws/install/micro_ros_msgs/include/micro_ros_msgs/micro_ros_msgs/msg/detail/entity__rosidl_typesupport_introspection_cpp.hpp
[6.159s] -- Installing: /home/vyom/microros_ws/install/micro_ros_msgs/include/micro_ros_msgs/micro_ros_msgs/msg/detail/node__type_support.cpp
[6.159s] -- Installing: /home/vyom/microros_ws/install/micro_ros_msgs/include/micro_ros_msgs/micro_ros_msgs/msg/detail/graph__type_support.cpp
[6.159s] -- Installing: /home/vyom/microros_ws/install/micro_ros_msgs/include/micro_ros_msgs/micro_ros_msgs/msg/detail/entity__type_support.cpp
[6.159s] -- Installing: /home/vyom/microros_ws/install/micro_ros_msgs/lib/libmicro_ros_msgs__rosidl_typesupport_introspection_cpp.so
[6.160s] -- Set runtime path of "/home/vyom/microros_ws/install/micro_ros_msgs/lib/libmicro_ros_msgs__rosidl_typesupport_introspection_cpp.so" to ""
[6.160s] -- Installing: /home/vyom/microros_ws/install/micro_ros_msgs/lib/libmicro_ros_msgs__rosidl_typesupport_cpp.so
[6.160s] -- Set runtime path of "/home/vyom/microros_ws/install/micro_ros_msgs/lib/libmicro_ros_msgs__rosidl_typesupport_cpp.so" to ""
[6.160s] -- Installing: /home/vyom/microros_ws/install/micro_ros_msgs/share/micro_ros_msgs/environment/pythonpath.sh
[6.160s] -- Installing: /home/vyom/microros_ws/install/micro_ros_msgs/share/micro_ros_msgs/environment/pythonpath.dsv
[6.160s] -- Installing: /home/vyom/microros_ws/install/micro_ros_msgs/local/lib/python3.10/dist-packages/micro_ros_msgs-3.0.1-py3.10.egg-info
[6.160s] -- Installing: /home/vyom/microros_ws/install/micro_ros_msgs/local/lib/python3.10/dist-packages/micro_ros_msgs-3.0.1-py3.10.egg-info/dependency_links.txt
[6.160s] -- Installing: /home/vyom/microros_ws/install/micro_ros_msgs/local/lib/python3.10/dist-packages/micro_ros_msgs-3.0.1-py3.10.egg-info/SOURCES.txt
[6.160s] -- Installing: /home/vyom/microros_ws/install/micro_ros_msgs/local/lib/python3.10/dist-packages/micro_ros_msgs-3.0.1-py3.10.egg-info/PKG-INFO
[6.161s] -- Installing: /home/vyom/microros_ws/install/micro_ros_msgs/local/lib/python3.10/dist-packages/micro_ros_msgs-3.0.1-py3.10.egg-info/top_level.txt
[6.161s] -- Installing: /home/vyom/microros_ws/install/micro_ros_msgs/local/lib/python3.10/dist-packages/micro_ros_msgs
[6.161s] -- Installing: /home/vyom/microros_ws/install/micro_ros_msgs/local/lib/python3.10/dist-packages/micro_ros_msgs/__init__.py
[6.161s] -- Installing: /home/vyom/microros_ws/install/micro_ros_msgs/local/lib/python3.10/dist-packages/micro_ros_msgs/micro_ros_msgs_s__rosidl_typesupport_fastrtps_c.cpython-310-x86_64-linux-gnu.so
[6.161s] -- Installing: /home/vyom/microros_ws/install/micro_ros_msgs/local/lib/python3.10/dist-packages/micro_ros_msgs/_micro_ros_msgs_s.ep.rosidl_typesupport_fastrtps_c.c
[6.161s] -- Installing: /home/vyom/microros_ws/install/micro_ros_msgs/local/lib/python3.10/dist-packages/micro_ros_msgs/_micro_ros_msgs_s.ep.rosidl_typesupport_c.c
[6.161s] -- Installing: /home/vyom/microros_ws/install/micro_ros_msgs/local/lib/python3.10/dist-packages/micro_ros_msgs/micro_ros_msgs_s__rosidl_typesupport_introspection_c.cpython-310-x86_64-linux-gnu.so
[6.161s] -- Installing: /home/vyom/microros_ws/install/micro_ros_msgs/local/lib/python3.10/dist-packages/micro_ros_msgs/micro_ros_msgs_s__rosidl_typesupport_c.cpython-310-x86_64-linux-gnu.so
[6.161s] -- Installing: /home/vyom/microros_ws/install/micro_ros_msgs/local/lib/python3.10/dist-packages/micro_ros_msgs/libmicro_ros_msgs__rosidl_generator_py.so
[6.161s] -- Installing: /home/vyom/microros_ws/install/micro_ros_msgs/local/lib/python3.10/dist-packages/micro_ros_msgs/_micro_ros_msgs_s.ep.rosidl_typesupport_introspection_c.c
[6.161s] -- Installing: /home/vyom/microros_ws/install/micro_ros_msgs/local/lib/python3.10/dist-packages/micro_ros_msgs/msg
[6.161s] -- Installing: /home/vyom/microros_ws/install/micro_ros_msgs/local/lib/python3.10/dist-packages/micro_ros_msgs/msg/__init__.py
[6.161s] -- Installing: /home/vyom/microros_ws/install/micro_ros_msgs/local/lib/python3.10/dist-packages/micro_ros_msgs/msg/_graph_s.c
[6.162s] -- Installing: /home/vyom/microros_ws/install/micro_ros_msgs/local/lib/python3.10/dist-packages/micro_ros_msgs/msg/_entity_s.c
[6.162s] -- Installing: /home/vyom/microros_ws/install/micro_ros_msgs/local/lib/python3.10/dist-packages/micro_ros_msgs/msg/_graph.py
[6.162s] -- Installing: /home/vyom/microros_ws/install/micro_ros_msgs/local/lib/python3.10/dist-packages/micro_ros_msgs/msg/_node_s.c
[6.162s] -- Installing: /home/vyom/microros_ws/install/micro_ros_msgs/local/lib/python3.10/dist-packages/micro_ros_msgs/msg/_entity.py
[6.162s] -- Installing: /home/vyom/microros_ws/install/micro_ros_msgs/local/lib/python3.10/dist-packages/micro_ros_msgs/msg/_node.py
[6.204s] Listing '/home/vyom/microros_ws/install/micro_ros_msgs/local/lib/python3.10/dist-packages/micro_ros_msgs'...
[6.204s] Compiling '/home/vyom/microros_ws/install/micro_ros_msgs/local/lib/python3.10/dist-packages/micro_ros_msgs/__init__.py'...
[6.204s] Listing '/home/vyom/microros_ws/install/micro_ros_msgs/local/lib/python3.10/dist-packages/micro_ros_msgs/msg'...
[6.204s] Compiling '/home/vyom/microros_ws/install/micro_ros_msgs/local/lib/python3.10/dist-packages/micro_ros_msgs/msg/__init__.py'...
[6.204s] Compiling '/home/vyom/microros_ws/install/micro_ros_msgs/local/lib/python3.10/dist-packages/micro_ros_msgs/msg/_entity.py'...
[6.204s] Compiling '/home/vyom/microros_ws/install/micro_ros_msgs/local/lib/python3.10/dist-packages/micro_ros_msgs/msg/_graph.py'...
[6.204s] Compiling '/home/vyom/microros_ws/install/micro_ros_msgs/local/lib/python3.10/dist-packages/micro_ros_msgs/msg/_node.py'...
[6.208s] -- Installing: /home/vyom/microros_ws/install/micro_ros_msgs/local/lib/python3.10/dist-packages/micro_ros_msgs/micro_ros_msgs_s__rosidl_typesupport_fastrtps_c.cpython-310-x86_64-linux-gnu.so
[6.208s] -- Set runtime path of "/home/vyom/microros_ws/install/micro_ros_msgs/local/lib/python3.10/dist-packages/micro_ros_msgs/micro_ros_msgs_s__rosidl_typesupport_fastrtps_c.cpython-310-x86_64-linux-gnu.so" to ""
[6.208s] -- Installing: /home/vyom/microros_ws/install/micro_ros_msgs/local/lib/python3.10/dist-packages/micro_ros_msgs/micro_ros_msgs_s__rosidl_typesupport_introspection_c.cpython-310-x86_64-linux-gnu.so
[6.208s] -- Set runtime path of "/home/vyom/microros_ws/install/micro_ros_msgs/local/lib/python3.10/dist-packages/micro_ros_msgs/micro_ros_msgs_s__rosidl_typesupport_introspection_c.cpython-310-x86_64-linux-gnu.so" to ""
[6.208s] -- Installing: /home/vyom/microros_ws/install/micro_ros_msgs/local/lib/python3.10/dist-packages/micro_ros_msgs/micro_ros_msgs_s__rosidl_typesupport_c.cpython-310-x86_64-linux-gnu.so
[6.209s] -- Set runtime path of "/home/vyom/microros_ws/install/micro_ros_msgs/local/lib/python3.10/dist-packages/micro_ros_msgs/micro_ros_msgs_s__rosidl_typesupport_c.cpython-310-x86_64-linux-gnu.so" to ""
[6.209s] -- Installing: /home/vyom/microros_ws/install/micro_ros_msgs/lib/libmicro_ros_msgs__rosidl_generator_py.so
[6.209s] -- Set runtime path of "/home/vyom/microros_ws/install/micro_ros_msgs/lib/libmicro_ros_msgs__rosidl_generator_py.so" to ""
[6.209s] -- Installing: /home/vyom/microros_ws/install/micro_ros_msgs/share/micro_ros_msgs/msg/Graph.idl
[6.209s] -- Installing: /home/vyom/microros_ws/install/micro_ros_msgs/share/micro_ros_msgs/msg/Node.idl
[6.209s] -- Installing: /home/vyom/microros_ws/install/micro_ros_msgs/share/micro_ros_msgs/msg/Entity.idl
[6.209s] -- Installing: /home/vyom/microros_ws/install/micro_ros_msgs/share/micro_ros_msgs/msg/Graph.msg
[6.209s] -- Installing: /home/vyom/microros_ws/install/micro_ros_msgs/share/micro_ros_msgs/msg/Node.msg
[6.210s] -- Installing: /home/vyom/microros_ws/install/micro_ros_msgs/share/micro_ros_msgs/msg/Entity.msg
[6.210s] -- Installing: /home/vyom/microros_ws/install/micro_ros_msgs/share/ament_index/resource_index/package_run_dependencies/micro_ros_msgs
[6.210s] -- Installing: /home/vyom/microros_ws/install/micro_ros_msgs/share/ament_index/resource_index/parent_prefix_path/micro_ros_msgs
[6.210s] -- Installing: /home/vyom/microros_ws/install/micro_ros_msgs/share/micro_ros_msgs/environment/ament_prefix_path.sh
[6.210s] -- Installing: /home/vyom/microros_ws/install/micro_ros_msgs/share/micro_ros_msgs/environment/ament_prefix_path.dsv
[6.210s] -- Installing: /home/vyom/microros_ws/install/micro_ros_msgs/share/micro_ros_msgs/environment/path.sh
[6.210s] -- Installing: /home/vyom/microros_ws/install/micro_ros_msgs/share/micro_ros_msgs/environment/path.dsv
[6.210s] -- Installing: /home/vyom/microros_ws/install/micro_ros_msgs/share/micro_ros_msgs/local_setup.bash
[6.211s] -- Installing: /home/vyom/microros_ws/install/micro_ros_msgs/share/micro_ros_msgs/local_setup.sh
[6.211s] -- Installing: /home/vyom/microros_ws/install/micro_ros_msgs/share/micro_ros_msgs/local_setup.zsh
[6.211s] -- Installing: /home/vyom/microros_ws/install/micro_ros_msgs/share/micro_ros_msgs/local_setup.dsv
[6.211s] -- Installing: /home/vyom/microros_ws/install/micro_ros_msgs/share/micro_ros_msgs/package.dsv
[6.211s] -- Installing: /home/vyom/microros_ws/install/micro_ros_msgs/share/ament_index/resource_index/packages/micro_ros_msgs
[6.211s] -- Installing: /home/vyom/microros_ws/install/micro_ros_msgs/share/micro_ros_msgs/cmake/export_micro_ros_msgs__rosidl_generator_cExport.cmake
[6.211s] -- Installing: /home/vyom/microros_ws/install/micro_ros_msgs/share/micro_ros_msgs/cmake/export_micro_ros_msgs__rosidl_generator_cExport-noconfig.cmake
[6.211s] -- Installing: /home/vyom/microros_ws/install/micro_ros_msgs/share/micro_ros_msgs/cmake/export_micro_ros_msgs__rosidl_typesupport_fastrtps_cExport.cmake
[6.211s] -- Installing: /home/vyom/microros_ws/install/micro_ros_msgs/share/micro_ros_msgs/cmake/export_micro_ros_msgs__rosidl_typesupport_fastrtps_cExport-noconfig.cmake
[6.211s] -- Installing: /home/vyom/microros_ws/install/micro_ros_msgs/share/micro_ros_msgs/cmake/micro_ros_msgs__rosidl_typesupport_introspection_cExport.cmake
[6.211s] -- Installing: /home/vyom/microros_ws/install/micro_ros_msgs/share/micro_ros_msgs/cmake/micro_ros_msgs__rosidl_typesupport_introspection_cExport-noconfig.cmake
[6.212s] -- Installing: /home/vyom/microros_ws/install/micro_ros_msgs/share/micro_ros_msgs/cmake/micro_ros_msgs__rosidl_typesupport_cExport.cmake
[6.212s] -- Installing: /home/vyom/microros_ws/install/micro_ros_msgs/share/micro_ros_msgs/cmake/micro_ros_msgs__rosidl_typesupport_cExport-noconfig.cmake
[6.212s] -- Installing: /home/vyom/microros_ws/install/micro_ros_msgs/share/micro_ros_msgs/cmake/export_micro_ros_msgs__rosidl_generator_cppExport.cmake
[6.212s] -- Installing: /home/vyom/microros_ws/install/micro_ros_msgs/share/micro_ros_msgs/cmake/export_micro_ros_msgs__rosidl_typesupport_fastrtps_cppExport.cmake
[6.212s] -- Installing: /home/vyom/microros_ws/install/micro_ros_msgs/share/micro_ros_msgs/cmake/export_micro_ros_msgs__rosidl_typesupport_fastrtps_cppExport-noconfig.cmake
[6.212s] -- Installing: /home/vyom/microros_ws/install/micro_ros_msgs/share/micro_ros_msgs/cmake/micro_ros_msgs__rosidl_typesupport_introspection_cppExport.cmake
[6.212s] -- Installing: /home/vyom/microros_ws/install/micro_ros_msgs/share/micro_ros_msgs/cmake/micro_ros_msgs__rosidl_typesupport_introspection_cppExport-noconfig.cmake
[6.212s] -- Installing: /home/vyom/microros_ws/install/micro_ros_msgs/share/micro_ros_msgs/cmake/micro_ros_msgs__rosidl_typesupport_cppExport.cmake
[6.212s] -- Installing: /home/vyom/microros_ws/install/micro_ros_msgs/share/micro_ros_msgs/cmake/micro_ros_msgs__rosidl_typesupport_cppExport-noconfig.cmake
[6.212s] -- Installing: /home/vyom/microros_ws/install/micro_ros_msgs/share/micro_ros_msgs/cmake/export_micro_ros_msgs__rosidl_generator_pyExport.cmake
[6.212s] -- Installing: /home/vyom/microros_ws/install/micro_ros_msgs/share/micro_ros_msgs/cmake/export_micro_ros_msgs__rosidl_generator_pyExport-noconfig.cmake
[6.213s] -- Installing: /home/vyom/microros_ws/install/micro_ros_msgs/share/micro_ros_msgs/cmake/rosidl_cmake-extras.cmake
[6.213s] -- Installing: /home/vyom/microros_ws/install/micro_ros_msgs/share/micro_ros_msgs/cmake/ament_cmake_export_include_directories-extras.cmake
[6.213s] -- Installing: /home/vyom/microros_ws/install/micro_ros_msgs/share/micro_ros_msgs/cmake/ament_cmake_export_libraries-extras.cmake
[6.213s] -- Installing: /home/vyom/microros_ws/install/micro_ros_msgs/share/micro_ros_msgs/cmake/ament_cmake_export_targets-extras.cmake
[6.213s] -- Installing: /home/vyom/microros_ws/install/micro_ros_msgs/share/micro_ros_msgs/cmake/rosidl_cmake_export_typesupport_targets-extras.cmake
[6.213s] -- Installing: /home/vyom/microros_ws/install/micro_ros_msgs/share/micro_ros_msgs/cmake/ament_cmake_export_dependencies-extras.cmake
[6.213s] -- Installing: /home/vyom/microros_ws/install/micro_ros_msgs/share/micro_ros_msgs/cmake/rosidl_cmake_export_typesupport_libraries-extras.cmake
[6.213s] -- Installing: /home/vyom/microros_ws/install/micro_ros_msgs/share/micro_ros_msgs/cmake/micro_ros_msgsConfig.cmake
[6.213s] -- Installing: /home/vyom/microros_ws/install/micro_ros_msgs/share/micro_ros_msgs/cmake/micro_ros_msgsConfig-version.cmake
[6.213s] -- Installing: /home/vyom/microros_ws/install/micro_ros_msgs/share/micro_ros_msgs/package.xml
[6.215s] Invoked command in '/home/vyom/microros_ws/build/micro_ros_msgs' returned '0': CMAKE_PREFIX_PATH=${CMAKE_PREFIX_PATH}:/home/vyom/ros2_ws/install/p9n_bringup:/home/vyom/install/launch_testing_examples:/home/vyom/install/examples_rclpy_pointcloud_publisher:/home/vyom/install/examples_rclpy_minimal_subscriber:/home/vyom/install/examples_rclpy_minimal_service:/home/vyom/install/examples_rclpy_minimal_publisher:/home/vyom/install/examples_rclpy_minimal_client:/home/vyom/install/examples_rclpy_minimal_action_server:/home/vyom/install/examples_rclpy_minimal_action_client:/home/vyom/install/examples_rclpy_guard_conditions:/home/vyom/install/examples_rclpy_executors:/opt/ros/humble /usr/bin/cmake --install /home/vyom/microros_ws/build/micro_ros_msgs
